/home/ubuntu/.local/lib/python3.8/site-packages/scipy/sparse/_index.py:137: SparseEfficiencyWarning: Changing the sparsity structure of a csr_matrix is expensive. lil_matrix is more efficient.
  self._set_arrayXarray_sparse(i, j, x)
/home/ubuntu/.local/lib/python3.8/site-packages/scipy/sparse/linalg/_dsolve/linsolve.py:640: SparseEfficiencyWarning: CSR matrix format is required. Converting to CSR matrix.
  warn('CSR matrix format is required. Converting to CSR matrix.',
dataset name: /usr/local/lib/python3.8/dist-packages/gtsam-4.1.1-py3.8.egg/gtsam/Data/reordered_parking-garage.g2o
cp1
cp2
cp3
A(0, 0) =  1.0
H(0, 0) =  5.007557332386134
cp4
A(0, 0) =  1.0
H(0, 0) =  5.007557332386134
cp5
A(0, 0) =  1.0
H(0, 0) =  5.007557332386134
(1992, 1572) (1992, 1) (1992, 1572) (1992, 1) (1572, 1572)
(1572, 1)
cg iter = 1
chi2 = 2.375594044848564e-05


cp1
(1992, 1572) (1992, 1572)
A(0, 0) =  1.0
H(0, 0) =  5.007557332386134
(1992, 1572) (1992, 1572) (1992,)
num relin rows =  146
  (0, 0)	1.0
  (0, 1)	0.0
  (0, 2)	0.0
  (0, 3)	0.0
  (0, 4)	0.0
  (0, 5)	0.0 0.0
(1992, 1572) (1992, 1572)
cp2
A(0, 0) =  1.0
H(0, 0) =  5.007557332386134
cp3
A(0, 0) =  1.0
H(0, 0) =  5.007557332386134
(1992, 1572) (1992, 1572)
cp4
A(0, 0) =  1.0
H(0, 0) =  5.007557332386134
cp5
A(0, 0) =  1.0
H(0, 0) =  5.007557332386134
(1992, 1572) (1992, 1) (1992, 1572) (1992, 1) (1572, 1572)
(1572, 1)
cg iter = 24
chi2 = 2.372618534825342e-05


cp1
(1992, 1572) (1992, 1572)
A(0, 0) =  1.0
H(0, 0) =  5.007557332386134
(1992, 1572) (1992, 1572) (1992,)
num relin rows =  0
  (0, 0)	1.0
  (0, 1)	0.0
  (0, 2)	0.0
  (0, 3)	0.0
  (0, 4)	0.0
  (0, 5)	0.0 0.0
(1992, 1572) (1992, 1572)
cp2
A(0, 0) =  1.0
H(0, 0) =  5.007557332386134
cp3
A(0, 0) =  1.0
H(0, 0) =  5.007557332386134
(1992, 1572) (1992, 1572)
cp4
A(0, 0) =  1.0
H(0, 0) =  5.007557332386134
cp5
A(0, 0) =  1.0
H(0, 0) =  5.007557332386134
(1992, 1572) (1992, 1) (1992, 1572) (1992, 1) (1572, 1572)
(1572, 1)
cg iter = 5
chi2 = 2.3726185271364608e-05


cp1
(1992, 1572) (1992, 1572)
A(0, 0) =  1.0
H(0, 0) =  5.007557332386134
(1992, 1572) (1992, 1572) (1992,)
num relin rows =  0
  (0, 0)	1.0
  (0, 1)	0.0
  (0, 2)	0.0
  (0, 3)	0.0
  (0, 4)	0.0
  (0, 5)	0.0 0.0
(1992, 1572) (1992, 1572)
cp2
A(0, 0) =  1.0
H(0, 0) =  5.007557332386134
cp3
A(0, 0) =  1.0
H(0, 0) =  5.007557332386134
(1992, 1572) (1992, 1572)
cp4
A(0, 0) =  1.0
H(0, 0) =  5.007557332386134
cp5
A(0, 0) =  1.0
H(0, 0) =  5.007557332386134
(1992, 1572) (1992, 1) (1992, 1572) (1992, 1) (1572, 1572)
(1572, 1)
cg iter = 0
chi2 = 2.3726185271303537e-05


Done setting up problem
step = 261
cp1
(1992, 1572) (0, 0)
A(0, 0) =  1.0
H(0, 0) =  5.007557332386134
cp2
A(0, 0) =  1.0
H(0, 0) =  5.007557332386134
cp3
A(0, 0) =  1.0
H(0, 0) =  5.007557332386134
cp4
A(0, 0) =  1.0
H(0, 0) =  5.007557332386134
cp5
A(0, 0) =  1.0
H(0, 0) =  5.007557332386134
(1992, 1572) (1992, 1) (1992, 1572) (1992, 1) (1572, 1572)
(1572, 1)
cg iter = 0
chi2 = 2.3726185271303537e-05


cp1
(1992, 1572) (0, 0)
A(0, 0) =  1.0
H(0, 0) =  5.007557332386134
cp2
A(0, 0) =  1.0
H(0, 0) =  5.007557332386134
cp3
A(0, 0) =  1.0
H(0, 0) =  5.007557332386134
cp4
A(0, 0) =  1.0
H(0, 0) =  5.007557332386134
cp5
A(0, 0) =  1.0
H(0, 0) =  5.007557332386134
(1992, 1572) (1992, 1) (1992, 1572) (1992, 1) (1572, 1572)
(1572, 1)
cg iter = 0
chi2 = 2.3726185271303537e-05


cp1
(1992, 1572) (0, 0)
A(0, 0) =  1.0
H(0, 0) =  5.007557332386134
cp2
A(0, 0) =  1.0
H(0, 0) =  5.007557332386134
cp3
A(0, 0) =  1.0
H(0, 0) =  5.007557332386134
cp4
A(0, 0) =  1.0
H(0, 0) =  5.007557332386134
cp5
A(0, 0) =  1.0
H(0, 0) =  5.007557332386134
(1992, 1572) (1992, 1) (1992, 1572) (1992, 1) (1572, 1572)
(1572, 1)
cg iter = 0
chi2 = 2.3726185271303537e-05


cp1
(1992, 1572) (0, 0)
A(0, 0) =  1.0
H(0, 0) =  5.007557332386134
cp2
A(0, 0) =  1.0
H(0, 0) =  5.007557332386134
cp3
A(0, 0) =  1.0
H(0, 0) =  5.007557332386134
cp4
A(0, 0) =  1.0
H(0, 0) =  5.007557332386134
cp5
A(0, 0) =  1.0
H(0, 0) =  5.007557332386134
(1992, 1572) (1992, 1) (1992, 1572) (1992, 1) (1572, 1572)
(1572, 1)
cg iter = 0
chi2 = 2.3726185271303537e-05


Press key


step = 262
cp1
(1992, 1572) (0, 0)
A(0, 0) =  1.0
H(0, 0) =  5.007557332386134
cp2
A(0, 0) =  1.0
H(0, 0) =  5.007557332386134
cp3
A(0, 0) =  1.0
H(0, 0) =  5.007557332386134
cp4
A(0, 0) =  1.0
H(0, 0) =  5.007557332386134
cp5
A(0, 0) =  1.0
H(0, 0) =  5.007557332386134
(2010, 1578) (2010, 1) (2010, 1578) (2010, 1) (1578, 1578)
(1578, 1)
cg iter = 1
chi2 = 2.327637808977375e-05


cp1
(2010, 1578) (2010, 1578)
A(0, 0) =  1.0
H(0, 0) =  5.007557332386134
(2010, 1578) (2010, 1578) (396,)
num relin rows =  0
 0.00292044614856124
(2010, 1578) (2010, 1578)
cp2
A(0, 0) =  1.0
H(0, 0) =  5.007557332386134
cp3
A(0, 0) =  1.0
H(0, 0) =  5.007557332386134
(2010, 1578) (2010, 1578)
cp4
A(0, 0) =  1.0
H(0, 0) =  5.007557332386134
cp5
A(0, 0) =  1.0
H(0, 0) =  5.007557332386134
(2010, 1578) (2010, 1) (2010, 1578) (2010, 1) (1578, 1578)
(1578, 1)
cg iter = 10
chi2 = 2.3276377932550173e-05


cp1
(2010, 1578) (0, 0)
A(0, 0) =  1.0
H(0, 0) =  5.007557332386134
cp2
A(0, 0) =  1.0
H(0, 0) =  5.007557332386134
cp3
A(0, 0) =  1.0
H(0, 0) =  5.007557332386134
cp4
A(0, 0) =  1.0
H(0, 0) =  5.007557332386134
cp5
A(0, 0) =  1.0
H(0, 0) =  5.007557332386134
(2010, 1578) (2010, 1) (2010, 1578) (2010, 1) (1578, 1578)
(1578, 1)
cg iter = 1
chi2 = 2.3276377932550173e-05


cp1
(2010, 1578) (0, 0)
A(0, 0) =  1.0
H(0, 0) =  5.007557332386134
cp2
A(0, 0) =  1.0
H(0, 0) =  5.007557332386134
cp3
A(0, 0) =  1.0
H(0, 0) =  5.007557332386134
cp4
A(0, 0) =  1.0
H(0, 0) =  5.007557332386134
cp5
A(0, 0) =  1.0
H(0, 0) =  5.007557332386134
(2010, 1578) (2010, 1) (2010, 1578) (2010, 1) (1578, 1578)
(1578, 1)
cg iter = 1
chi2 = 2.3276377932550173e-05


Press key


cp1
(2010, 1578) (2010, 1578)
A(0, 0) =  1.0
H(0, 0) =  5.007557332386134
(2010, 1578) (2010, 1578) (2010,)
num relin rows =  0
  (0, 0)	1.0
  (0, 1)	0.0
  (0, 2)	0.0
  (0, 3)	0.0
  (0, 4)	0.0
  (0, 5)	0.0 0.0
(2010, 1578) (2010, 1578)
cp2
A(0, 0) =  1.0
H(0, 0) =  5.007557332386134
cp3
A(0, 0) =  1.0
H(0, 0) =  5.007557332386134
(4578, 3510) (2010, 1578)
cp4
A(0, 0) =  1.0
H(0, 0) =  5.007557332386134
cp5
A(0, 0) =  1.0
H(0, 0) =  5.007557332386134
(4578, 3510) (4578, 1) (4578, 3510) (4578, 1) (3510, 3510)
(3510, 1)
cg iter = 2
chi2 = 4.873842045325593e-05


cp1
(4578, 3510) (4578, 3510)
A(0, 0) =  1.0
H(0, 0) =  5.007557332386134
(4578, 3510) (4578, 3510) (4578,)
num relin rows =  260
  (0, 0)	1.0
  (0, 1)	0.0
  (0, 2)	0.0
  (0, 3)	0.0
  (0, 4)	0.0
  (0, 5)	0.0 0.0
(4578, 3510) (4578, 3510)
cp2
A(0, 0) =  1.0
H(0, 0) =  5.007557332386134
cp3
A(0, 0) =  1.0
H(0, 0) =  5.007557332386134
(4578, 3510) (4578, 3510)
cp4
A(0, 0) =  1.0
H(0, 0) =  5.007557332386134
cp5
A(0, 0) =  1.0
H(0, 0) =  5.007557332386134
(4578, 3510) (4578, 1) (4578, 3510) (4578, 1) (3510, 3510)
(3510, 1)
cg iter = 29
chi2 = 4.832459597549089e-05


cp1
(4578, 3510) (4578, 3510)
A(0, 0) =  1.0
H(0, 0) =  5.007557332386136
(4578, 3510) (4578, 3510) (4578,)
num relin rows =  0
  (0, 0)	1.0
  (0, 1)	0.0
  (0, 2)	0.0
  (0, 3)	0.0
  (0, 4)	0.0
  (0, 5)	0.0 0.0
(4578, 3510) (4578, 3510)
cp2
A(0, 0) =  1.0
H(0, 0) =  5.007557332386136
cp3
A(0, 0) =  1.0
H(0, 0) =  5.007557332386136
(4578, 3510) (4578, 3510)
cp4
A(0, 0) =  1.0
H(0, 0) =  5.007557332386136
cp5
A(0, 0) =  1.0
H(0, 0) =  5.007557332386136
(4578, 3510) (4578, 1) (4578, 3510) (4578, 1) (3510, 3510)
(3510, 1)
cg iter = 11
chi2 = 4.832459790797216e-05


cp1
(4578, 3510) (4578, 3510)
A(0, 0) =  1.0
H(0, 0) =  5.007557332386134
(4578, 3510) (4578, 3510) (4578,)
num relin rows =  0
  (0, 0)	1.0
  (0, 1)	0.0
  (0, 2)	0.0
  (0, 3)	0.0
  (0, 4)	0.0
  (0, 5)	0.0 0.0
(4578, 3510) (4578, 3510)
cp2
A(0, 0) =  1.0
H(0, 0) =  5.007557332386134
cp3
A(0, 0) =  1.0
H(0, 0) =  5.007557332386134
(4578, 3510) (4578, 3510)
cp4
A(0, 0) =  1.0
H(0, 0) =  5.007557332386134
cp5
A(0, 0) =  1.0
H(0, 0) =  5.007557332386134
(4578, 3510) (4578, 1) (4578, 3510) (4578, 1) (3510, 3510)
(3510, 1)
cg iter = 0
chi2 = 4.832459793502718e-05


Done setting up problem
step = 584
cp1
(4578, 3510) (0, 0)
A(0, 0) =  1.0
H(0, 0) =  5.007557332386134
cp2
A(0, 0) =  1.0
H(0, 0) =  5.007557332386134
cp3
A(0, 0) =  1.0
H(0, 0) =  5.007557332386134
cp4
A(0, 0) =  1.0
H(0, 0) =  5.007557332386134
cp5
A(0, 0) =  1.0
H(0, 0) =  5.007557332386134
(4578, 3510) (4578, 1) (4578, 3510) (4578, 1) (3510, 3510)
(3510, 1)
cg iter = 0
chi2 = 4.832459793502718e-05


cp1
(4578, 3510) (0, 0)
A(0, 0) =  1.0
H(0, 0) =  5.007557332386134
cp2
A(0, 0) =  1.0
H(0, 0) =  5.007557332386134
cp3
A(0, 0) =  1.0
H(0, 0) =  5.007557332386134
cp4
A(0, 0) =  1.0
H(0, 0) =  5.007557332386134
cp5
A(0, 0) =  1.0
H(0, 0) =  5.007557332386134
(4578, 3510) (4578, 1) (4578, 3510) (4578, 1) (3510, 3510)
(3510, 1)
cg iter = 0
chi2 = 4.832459793502718e-05


cp1
(4578, 3510) (0, 0)
A(0, 0) =  1.0
H(0, 0) =  5.007557332386134
cp2
A(0, 0) =  1.0
H(0, 0) =  5.007557332386134
cp3
A(0, 0) =  1.0
H(0, 0) =  5.007557332386134
cp4
A(0, 0) =  1.0
H(0, 0) =  5.007557332386134
cp5
A(0, 0) =  1.0
H(0, 0) =  5.007557332386134
(4578, 3510) (4578, 1) (4578, 3510) (4578, 1) (3510, 3510)
(3510, 1)
cg iter = 0
chi2 = 4.832459793502718e-05


cp1
(4578, 3510) (0, 0)
A(0, 0) =  1.0
H(0, 0) =  5.007557332386134
cp2
A(0, 0) =  1.0
H(0, 0) =  5.007557332386134
cp3
A(0, 0) =  1.0
H(0, 0) =  5.007557332386134
cp4
A(0, 0) =  1.0
H(0, 0) =  5.007557332386134
cp5
A(0, 0) =  1.0
H(0, 0) =  5.007557332386134
(4578, 3510) (4578, 1) (4578, 3510) (4578, 1) (3510, 3510)
(3510, 1)
cg iter = 0
chi2 = 4.832459793502718e-05


Press key


