/home/ubuntu/.local/lib/python3.8/site-packages/scipy/sparse/_index.py:137: SparseEfficiencyWarning: Changing the sparsity structure of a csr_matrix is expensive. lil_matrix is more efficient.
  self._set_arrayXarray_sparse(i, j, x)
/home/ubuntu/.local/lib/python3.8/site-packages/scipy/sparse/linalg/_dsolve/linsolve.py:640: SparseEfficiencyWarning: CSR matrix format is required. Converting to CSR matrix.
  warn('CSR matrix format is required. Converting to CSR matrix.',
(180, 1)
cg iter = 1
update_count = 1, chi2 = 0.002032800114220654
(180, 1)
cg iter = 1
update_count = 2, chi2 = 0.0018810982825509803
(180, 1)
cg iter = 1
update_count = 3, chi2 = 0.0018810923398299272
(180, 1)
cg iter = 1
update_count = 4, chi2 = 0.0018810921720069577
(180, 1)
cg iter = 1
update_count = 5, chi2 = 0.0018810921660791082
(180, 1)
cg iter = 0
update_count = 6, chi2 = 0.0018810921660791082
Done setting up problem
step = 60
A shapes =  (750, 183) 0
num relin_rows =  0
max_diff = 0.0, h_max_diff = 0.0
After update, max_diff = 0.0, h_max_diff = 0.0
(750, 183) (750, 1) (750, 183) (750, 1) (183, 183)
(183, 1)
cg iter = 1
chi2 = 0.0019079087732445123


update_count = 1, chi2 = 0.0019079087732445123
A shapes =  (750, 183) 747
num relin_rows =  0
max_diff = 0.02905996915324316, h_max_diff = 0.200544107322159
After update, max_diff = 0.02905996915324316, h_max_diff = 0.200544107322159
(750, 183) (750, 1) (750, 183) (750, 1) (183, 183)
(183, 1)
cg iter = 5
chi2 = 0.0019079038178877413


update_count = 2, chi2 = 0.0019079038178877413
chi2 = 0.0019079038178877413


Press key