dataset name: /usr/local/lib/python3.8/dist-packages/gtsam-4.1.1-py3.8.egg/gtsam/Data/sphere2500.txt
Set up at step = 51
cp1
cp2
cp3
A(0, 0) =  1.0
H(0, 0) =  288.29222243176304
cp4
A(0, 0) =  1.0
H(0, 0) =  288.29222243176304
cp5
A(0, 0) =  1.0
H(0, 0) =  288.29222243176304
(324, 312) (324, 1) (324, 312) (324, 1) (312, 312)
(312, 1)
cg iter = 1
chi2 = 0.3954769906075805


cp1
(324, 312) (324, 312)
A(0, 0) =  1.0
H(0, 0) =  288.29222243176304
(324, 312) (324, 312) (324,)
num relin rows =  76
  (0, 0)	1.0
  (0, 1)	0.0
  (0, 2)	0.0
  (0, 3)	0.0
  (0, 4)	0.0
  (0, 5)	0.0 0.0
(324, 312) (324, 312)
cp2
A(0, 0) =  1.0
H(0, 0) =  288.29222243176304
cp3
A(0, 0) =  1.0
H(0, 0) =  251.56382329983074
(324, 312) (324, 312)
cp4
A(0, 0) =  1.0
H(0, 0) =  251.56382329983074
cp5
A(0, 0) =  1.0
H(0, 0) =  251.56382329983074
(324, 312) (324, 1) (324, 312) (324, 1) (312, 312)
(312, 1)
cg iter = 13
chi2 = 0.12051041850378268


cp1
(324, 312) (324, 312)
A(0, 0) =  1.0
H(0, 0) =  251.56382329983074
(324, 312) (324, 312) (324,)
num relin rows =  29
  (0, 0)	1.0
  (0, 1)	0.0
  (0, 2)	0.0
  (0, 3)	0.0
  (0, 4)	0.0
  (0, 5)	0.0 0.0
(324, 312) (324, 312)
cp2
A(0, 0) =  1.0
H(0, 0) =  251.56382329983074
cp3
A(0, 0) =  1.0
H(0, 0) =  248.35211267935992
(324, 312) (324, 312)
cp4
A(0, 0) =  1.0
H(0, 0) =  248.35211267935992
cp5
A(0, 0) =  1.0
H(0, 0) =  248.35211267935992
(324, 312) (324, 1) (324, 312) (324, 1) (312, 312)
(312, 1)
cg iter = 12
chi2 = 0.1191141299919546


cp1
(324, 312) (324, 312)
A(0, 0) =  1.0
H(0, 0) =  248.35211267935992
(324, 312) (324, 312) (324,)
num relin rows =  4
  (0, 0)	1.0
  (0, 1)	0.0
  (0, 2)	0.0
  (0, 3)	0.0
  (0, 4)	0.0
  (0, 5)	0.0 0.0
(324, 312) (324, 312)
cp2
A(0, 0) =  1.0
H(0, 0) =  248.35211267935992
cp3
A(0, 0) =  1.0
H(0, 0) =  247.1500146969061
(324, 312) (324, 312)
cp4
A(0, 0) =  1.0
H(0, 0) =  247.1500146969061
cp5
A(0, 0) =  1.0
H(0, 0) =  247.1500146969061
(324, 312) (324, 1) (324, 312) (324, 1) (312, 312)
(312, 1)
cg iter = 6
chi2 = 0.11902793029833121


cp1
(324, 312) (324, 312)
A(0, 0) =  1.0
H(0, 0) =  247.16668088687598
(324, 312) (324, 312) (324,)
num relin rows =  0
  (0, 0)	1.0
  (0, 1)	0.0
  (0, 2)	0.0
  (0, 3)	0.0
  (0, 4)	0.0
  (0, 5)	0.0 0.0
(324, 312) (324, 312)
cp2
A(0, 0) =  1.0
H(0, 0) =  247.16668088687598
cp3
A(0, 0) =  1.0
H(0, 0) =  247.16668088687598
(324, 312) (324, 312)
cp4
A(0, 0) =  1.0
H(0, 0) =  247.16668088687598
cp5
A(0, 0) =  1.0
H(0, 0) =  247.16668088687598
(324, 312) (324, 1) (324, 312) (324, 1) (312, 312)
(312, 1)
cg iter = 4
chi2 = 0.11902185973304798


cp1
(324, 312) (324, 312)
A(0, 0) =  1.0
H(0, 0) =  247.2224820345702
(324, 312) (324, 312) (324,)
num relin rows =  0
  (0, 0)	1.0
  (0, 1)	0.0
  (0, 2)	0.0
  (0, 3)	0.0
  (0, 4)	0.0
  (0, 5)	0.0 0.0
(324, 312) (324, 312)
cp2
A(0, 0) =  1.0
H(0, 0) =  247.2224820345702
cp3
A(0, 0) =  1.0
H(0, 0) =  247.2224820345702
(324, 312) (324, 312)
cp4
A(0, 0) =  1.0
H(0, 0) =  247.2224820345702
cp5
A(0, 0) =  1.0
H(0, 0) =  247.2224820345702
(324, 312) (324, 1) (324, 312) (324, 1) (312, 312)
(312, 1)
cg iter = 3
chi2 = 0.1190205849790671


cp1
(324, 312) (324, 312)
A(0, 0) =  1.0
H(0, 0) =  247.20113882874813
(324, 312) (324, 312) (324,)
num relin rows =  0
  (0, 0)	1.0
  (0, 1)	0.0
  (0, 2)	0.0
  (0, 3)	0.0
  (0, 4)	0.0
  (0, 5)	0.0 0.0
(324, 312) (324, 312)
cp2
A(0, 0) =  1.0
H(0, 0) =  247.20113882874813
cp3
A(0, 0) =  1.0
H(0, 0) =  247.20113882874813
(324, 312) (324, 312)
cp4
A(0, 0) =  1.0
H(0, 0) =  247.20113882874813
cp5
A(0, 0) =  1.0
H(0, 0) =  247.20113882874813
(324, 312) (324, 1) (324, 312) (324, 1) (312, 312)
(312, 1)
cg iter = 2
chi2 = 0.11902054416256984


Done setting up problem
step = 51
cp1
(324, 312) (0, 0)
A(0, 0) =  1.0
H(0, 0) =  247.19982775363547
cp2
A(0, 0) =  1.0
H(0, 0) =  247.19982775363547
cp3
A(0, 0) =  1.0
H(0, 0) =  247.19982775363547
cp4
A(0, 0) =  1.0
H(0, 0) =  247.19982775363547
cp5
A(0, 0) =  1.0
H(0, 0) =  247.19982775363547
(324, 312) (324, 1) (324, 312) (324, 1) (312, 312)
(312, 1)
cg iter = 1
chi2 = 0.11902054416256984


cp1
(324, 312) (0, 0)
A(0, 0) =  1.0
H(0, 0) =  247.19982775363547
cp2
A(0, 0) =  1.0
H(0, 0) =  247.19982775363547
cp3
A(0, 0) =  1.0
H(0, 0) =  247.19982775363547
cp4
A(0, 0) =  1.0
H(0, 0) =  247.19982775363547
cp5
A(0, 0) =  1.0
H(0, 0) =  247.19982775363547
(324, 312) (324, 1) (324, 312) (324, 1) (312, 312)
(312, 1)
cg iter = 1
chi2 = 0.11902054416256984


cp1
(324, 312) (0, 0)
A(0, 0) =  1.0
H(0, 0) =  247.19982775363547
cp2
A(0, 0) =  1.0
H(0, 0) =  247.19982775363547
cp3
A(0, 0) =  1.0
H(0, 0) =  247.19982775363547
cp4
A(0, 0) =  1.0
H(0, 0) =  247.19982775363547
cp5
A(0, 0) =  1.0
H(0, 0) =  247.19982775363547
(324, 312) (324, 1) (324, 312) (324, 1) (312, 312)
(312, 1)
cg iter = 1
chi2 = 0.11902054416256984


cp1
(324, 312) (0, 0)
A(0, 0) =  1.0
H(0, 0) =  247.19982775363547
cp2
A(0, 0) =  1.0
H(0, 0) =  247.19982775363547
cp3
A(0, 0) =  1.0
H(0, 0) =  247.19982775363547
cp4
A(0, 0) =  1.0
H(0, 0) =  247.19982775363547
cp5
A(0, 0) =  1.0
H(0, 0) =  247.19982775363547
(324, 312) (324, 1) (324, 312) (324, 1) (312, 312)
(312, 1)
cg iter = 1
chi2 = 0.11902054416256984


cp1
(324, 312) (0, 0)
A(0, 0) =  1.0
H(0, 0) =  247.19982775363547
cp2
A(0, 0) =  1.0
H(0, 0) =  247.19982775363547
cp3
A(0, 0) =  1.0
H(0, 0) =  247.19982775363547
cp4
A(0, 0) =  1.0
H(0, 0) =  247.19982775363547
cp5
A(0, 0) =  1.0
H(0, 0) =  247.19982775363547
(324, 312) (324, 1) (324, 312) (324, 1) (312, 312)
(312, 1)
cg iter = 1
chi2 = 0.11902054416256984


cp1
(324, 312) (0, 0)
A(0, 0) =  1.0
H(0, 0) =  247.19982775363547
cp2
A(0, 0) =  1.0
H(0, 0) =  247.19982775363547
cp3
A(0, 0) =  1.0
H(0, 0) =  247.19982775363547
cp4
A(0, 0) =  1.0
H(0, 0) =  247.19982775363547
cp5
A(0, 0) =  1.0
H(0, 0) =  247.19982775363547
(324, 312) (324, 1) (324, 312) (324, 1) (312, 312)
(312, 1)
cg iter = 1
chi2 = 0.11902054416256984


cp1
(324, 312) (0, 0)
A(0, 0) =  1.0
H(0, 0) =  247.19982775363547
cp2
A(0, 0) =  1.0
H(0, 0) =  247.19982775363547
cp3
A(0, 0) =  1.0
H(0, 0) =  247.19982775363547
cp4
A(0, 0) =  1.0
H(0, 0) =  247.19982775363547
cp5
A(0, 0) =  1.0
H(0, 0) =  247.19982775363547
(324, 312) (324, 1) (324, 312) (324, 1) (312, 312)
(312, 1)
cg iter = 1
chi2 = 0.11902054416256984


step = 52
cp1
(324, 312) (0, 0)
A(0, 0) =  1.0
H(0, 0) =  247.19982775363547
cp2
A(0, 0) =  1.0
H(0, 0) =  247.19982775363547
cp3
A(0, 0) =  1.0
H(0, 0) =  247.19982775363547
cp4
A(0, 0) =  1.0
H(0, 0) =  247.19982775363547
cp5
A(0, 0) =  1.0
H(0, 0) =  247.19982775363547
(336, 318) (336, 1) (336, 318) (336, 1) (318, 318)
(318, 1)
cg iter = 1
chi2 = 0.27608547479957335


cp1
(336, 318) (336, 318)
A(0, 0) =  1.0
H(0, 0) =  247.19982775363547
(336, 318) (336, 318) (330,)
num relin rows =  30
 0.0264652268813865
(336, 318) (336, 318)
cp2
A(0, 0) =  1.0
H(0, 0) =  247.19982775363547
cp3
A(0, 0) =  1.0
H(0, 0) =  247.59255879921758
(336, 318) (336, 318)
cp4
A(0, 0) =  1.0
H(0, 0) =  247.59255879921758
cp5
A(0, 0) =  1.0
H(0, 0) =  247.59255879921758
(336, 318) (336, 1) (336, 318) (336, 1) (318, 318)
(318, 1)
cg iter = 9
chi2 = 0.25511457116734215


cp1
(336, 318) (336, 318)
A(0, 0) =  1.0
H(0, 0) =  248.7201275647208
(336, 318) (336, 318) (330,)
num relin rows =  12
 0.0032068589142695584
(336, 318) (336, 318)
cp2
A(0, 0) =  1.0
H(0, 0) =  248.7201275647208
cp3
A(0, 0) =  1.0
H(0, 0) =  248.63657800681582
(336, 318) (336, 318)
cp4
A(0, 0) =  1.0
H(0, 0) =  248.63657800681582
cp5
A(0, 0) =  1.0
H(0, 0) =  248.63657800681582
(336, 318) (336, 1) (336, 318) (336, 1) (318, 318)
(318, 1)
cg iter = 6
chi2 = 0.2549203955479476


cp1
(336, 318) (336, 318)
A(0, 0) =  1.0
H(0, 0) =  248.57514495255757
(336, 318) (336, 318) (312,)
num relin rows =  0
 0.0010340172611518206
(336, 318) (336, 318)
cp2
A(0, 0) =  1.0
H(0, 0) =  248.57514495255757
cp3
A(0, 0) =  1.0
H(0, 0) =  248.57514495255757
(336, 318) (336, 318)
cp4
A(0, 0) =  1.0
H(0, 0) =  248.57514495255757
cp5
A(0, 0) =  1.0
H(0, 0) =  248.57514495255757
(336, 318) (336, 1) (336, 318) (336, 1) (318, 318)
(318, 1)
cg iter = 4
chi2 = 0.25491187048871466


cp1
(336, 318) (336, 318)
A(0, 0) =  1.0
H(0, 0) =  248.7456715739351
(336, 318) (336, 318) (108,)
num relin rows =  0
 0.0009442232077115087
(336, 318) /home/ubuntu/.local/lib/python3.8/site-packages/scipy/sparse/_index.py:137: SparseEfficiencyWarning: Changing the sparsity structure of a csr_matrix is expensive. lil_matrix is more efficient.
  self._set_arrayXarray_sparse(i, j, x)
/home/ubuntu/.local/lib/python3.8/site-packages/scipy/sparse/linalg/_dsolve/linsolve.py:640: SparseEfficiencyWarning: CSR matrix format is required. Converting to CSR matrix.
  warn('CSR matrix format is required. Converting to CSR matrix.',
(336, 318)
cp2
A(0, 0) =  1.0
H(0, 0) =  248.7456715739351
cp3
A(0, 0) =  1.0
H(0, 0) =  248.7456715739351
(336, 318) (336, 318)
cp4
A(0, 0) =  1.0
H(0, 0) =  248.7456715739351
cp5
A(0, 0) =  1.0
H(0, 0) =  248.7456715739351
(336, 318) (336, 1) (336, 318) (336, 1) (318, 318)
(318, 1)
cg iter = 3
chi2 = 0.2549113080883441


cp1
(336, 318) (336, 318)
A(0, 0) =  1.0
H(0, 0) =  248.7456715739351
(336, 318) (336, 318) (24,)
num relin rows =  0
 0.0005973286707604622
(336, 318) (336, 318)
cp2
A(0, 0) =  1.0
H(0, 0) =  248.7456715739351
cp3
A(0, 0) =  1.0
H(0, 0) =  248.7456715739351
(336, 318) (336, 318)
cp4
A(0, 0) =  1.0
H(0, 0) =  248.7456715739351
cp5
A(0, 0) =  1.0
H(0, 0) =  248.7456715739351
(336, 318) (336, 1) (336, 318) (336, 1) (318, 318)
(318, 1)
cg iter = 3
chi2 = 0.25491130775937587


cp1
(336, 318) (0, 0)
A(0, 0) =  1.0
H(0, 0) =  248.7456715739351
cp2
A(0, 0) =  1.0
H(0, 0) =  248.7456715739351
cp3
A(0, 0) =  1.0
H(0, 0) =  248.7456715739351
cp4
A(0, 0) =  1.0
H(0, 0) =  248.7456715739351
cp5
A(0, 0) =  1.0
H(0, 0) =  248.7456715739351
(336, 318) (336, 1) (336, 318) (336, 1) (318, 318)
(318, 1)
cg iter = 1
chi2 = 0.25491130775937587


step = 53
cp1
(336, 318) (0, 0)
A(0, 0) =  1.0
H(0, 0) =  248.7456715739351
cp2
A(0, 0) =  1.0
H(0, 0) =  248.7456715739351
cp3
A(0, 0) =  1.0
H(0, 0) =  248.7456715739351
cp4
A(0, 0) =  1.0
H(0, 0) =  248.7456715739351
cp5
A(0, 0) =  1.0
H(0, 0) =  248.7456715739351
(348, 324) (348, 1) (348, 324) (348, 1) (324, 324)
(324, 1)
cg iter = 1
chi2 = 0.3181379644370526


cp1
(348, 324) (348, 324)
A(0, 0) =  1.0
H(0, 0) =  248.7456715739351
(348, 324) (348, 324) (342,)
num relin rows =  40
 0.01134299997241536
(348, 324) (348, 324)
cp2
A(0, 0) =  1.0
H(0, 0) =  248.7456715739351
cp3
A(0, 0) =  1.0
H(0, 0) =  249.69366711252502
(348, 324) (348, 324)
cp4
A(0, 0) =  1.0
H(0, 0) =  249.69366711252502
cp5
A(0, 0) =  1.0
H(0, 0) =  249.69366711252502
(348, 324) (348, 1) (348, 324) (348, 1) (324, 324)
(324, 1)
cg iter = 6
chi2 = 0.31735680473020605


cp1
(348, 324) (348, 324)
A(0, 0) =  1.0
H(0, 0) =  248.9247703776671
(348, 324) (348, 324) (342,)
num relin rows =  11
 0.00250750601288071
(348, 324) (348, 324)
cp2
A(0, 0) =  1.0
H(0, 0) =  248.9247703776671
cp3
A(0, 0) =  1.0
H(0, 0) =  248.9247703776671
(348, 324) (348, 324)
cp4
A(0, 0) =  1.0
H(0, 0) =  248.9247703776671
cp5
A(0, 0) =  1.0
H(0, 0) =  248.9247703776671
(348, 324) (348, 1) (348, 324) (348, 1) (324, 324)
(324, 1)
cg iter = 6
chi2 = 0.3174301006964753


cp1
(348, 324) (348, 324)
A(0, 0) =  1.0
H(0, 0) =  248.87830511061222
(348, 324) (348, 324) (336,)
num relin rows =  3
 0.000975669708018434
(348, 324) (348, 324)
cp2
A(0, 0) =  1.0
H(0, 0) =  248.87830511061222
cp3
A(0, 0) =  1.0
H(0, 0) =  249.13259165197647
(348, 324) (348, 324)
cp4
A(0, 0) =  1.0
H(0, 0) =  249.13259165197647
cp5
A(0, 0) =  1.0
H(0, 0) =  249.13259165197647
(348, 324) (348, 1) (348, 324) (348, 1) (324, 324)
(324, 1)
cg iter = 4
chi2 = 0.3174968619692903


cp1
(348, 324) (348, 324)
A(0, 0) =  1.0
H(0, 0) =  249.10141450472642
(348, 324) (348, 324) (228,)
num relin rows =  0
 0.0005767269246979151
(348, 324) (348, 324)
cp2
A(0, 0) =  1.0
H(0, 0) =  249.10141450472642
cp3
A(0, 0) =  1.0
H(0, 0) =  249.10141450472642
(348, 324) (348, 324)
cp4
A(0, 0) =  1.0
H(0, 0) =  249.10141450472642
cp5
A(0, 0) =  1.0
H(0, 0) =  249.10141450472642
(348, 324) (348, 1) (348, 324) (348, 1) (324, 324)
(324, 1)
cg iter = 3
chi2 = 0.31749742509949064


cp1
(348, 324) (348, 324)
A(0, 0) =  1.0
H(0, 0) =  249.10141450472642
(348, 324) (348, 324) (192,)
num relin rows =  0
 0.001994274388666277
(348, 324) (348, 324)
cp2
A(0, 0) =  1.0
H(0, 0) =  249.10141450472642
cp3
A(0, 0) =  1.0
H(0, 0) =  249.10141450472642
(348, 324) (348, 324)
cp4
A(0, 0) =  1.0
H(0, 0) =  249.10141450472642
cp5
A(0, 0) =  1.0
H(0, 0) =  249.10141450472642
(348, 324) (348, 1) (348, 324) (348, 1) (324, 324)
(324, 1)
cg iter = 3
chi2 = 0.3174974257370842


cp1
(348, 324) (348, 324)
A(0, 0) =  1.0
H(0, 0) =  249.10141450472642
(348, 324) (348, 324) (12,)
num relin rows =  0
 0.0006455268731093873
(348, 324) (348, 324)
cp2
A(0, 0) =  1.0
H(0, 0) =  249.10141450472642
cp3
A(0, 0) =  1.0
H(0, 0) =  249.10141450472642
(348, 324) (348, 324)
cp4
A(0, 0) =  1.0
H(0, 0) =  249.10141450472642
cp5
A(0, 0) =  1.0
H(0, 0) =  249.10141450472642
(348, 324) (348, 1) (348, 324) (348, 1) (324, 324)
(324, 1)
cg iter = 3
chi2 = 0.3174974254755172


Press key


Set up at step = 201
cp1
(348, 324) (348, 324)
A(0, 0) =  1.0
H(0, 0) =  249.10141450472642
(348, 324) (348, 324) (348,)
num relin rows =  0
  (0, 0)	1.0
  (0, 1)	0.0
  (0, 2)	0.0
  (0, 3)	0.0
  (0, 4)	0.0
  (0, 5)	0.0 0.0
(348, 324) (348, 324)
cp2
A(0, 0) =  1.0
H(0, 0) =  249.10141450472642
cp3
A(0, 0) =  1.0
H(0, 0) =  249.10141450472642
(2124, 1212) (348, 324)
cp4
A(0, 0) =  1.0
H(0, 0) =  249.10141450472642
cp5
A(0, 0) =  1.0
H(0, 0) =  249.10141450472642
(2124, 1212) (2124, 1) (2124, 1212) (2124, 1) (1212, 1212)
(1212, 1)
cg iter = 3
chi2 = 10.480934669958364


cp1
(2124, 1212) (2124, 1212)
A(0, 0) =  1.0
H(0, 0) =  249.1291059135595
(2124, 1212) (2124, 1212) (2124,)
num relin rows =  1926
  (0, 0)	1.0
  (0, 1)	0.0
  (0, 2)	0.0
  (0, 3)	0.0
  (0, 4)	0.0
  (0, 5)	0.0 0.0
(2124, 1212) (2124, 1212)
cp2
A(0, 0) =  1.0
H(0, 0) =  249.1291059135595
cp3
A(0, 0) =  1.0
H(0, 0) =  267.1413277049563
(2124, 1212) (2124, 1212)
cp4
A(0, 0) =  1.0
H(0, 0) =  267.1413277049563
cp5
A(0, 0) =  1.0
H(0, 0) =  267.1413277049563
(2124, 1212) (2124, 1) (2124, 1212) (2124, 1) (1212, 1212)
(1212, 1)
cg iter = 6
chi2 = 0.3674625458046024


cp1
(2124, 1212) (2124, 1212)
A(0, 0) =  1.0
H(0, 0) =  267.1185544225011
(2124, 1212) (2124, 1212) (2124,)
num relin rows =  1826
  (0, 0)	1.0
  (0, 1)	0.0
  (0, 2)	0.0
  (0, 3)	0.0
  (0, 4)	0.0
  (0, 5)	0.0 0.0
(2124, 1212) (2124, 1212)
cp2
A(0, 0) =  1.0
H(0, 0) =  267.1185544225011
cp3
A(0, 0) =  1.0
H(0, 0) =  264.8847949470737
(2124, 1212) (2124, 1212)
cp4
A(0, 0) =  1.0
H(0, 0) =  264.8847949470737
cp5
A(0, 0) =  1.0
H(0, 0) =  264.8847949470737
(2124, 1212) (2124, 1) (2124, 1212) (2124, 1) (1212, 1212)
(1212, 1)
cg iter = 6
chi2 = 0.2945256716460546


cp1
(2124, 1212) (2124, 1212)
A(0, 0) =  1.0
H(0, 0) =  264.9526313683849
(2124, 1212) (2124, 1212) (2124,)
num relin rows =  1438
  (0, 0)	1.0
  (0, 1)	0.0
  (0, 2)	0.0
  (0, 3)	0.0
  (0, 4)	0.0
  (0, 5)	0.0 0.0
(2124, 1212) (2124, 1212)
cp2
A(0, 0) =  1.0
H(0, 0) =  264.9526313683849
cp3
A(0, 0) =  1.0
H(0, 0) =  255.52039228389646
(2124, 1212) (2124, 1212)
cp4
A(0, 0) =  1.0
H(0, 0) =  255.52039228389646
cp5
A(0, 0) =  1.0
H(0, 0) =  255.52039228389646
(2124, 1212) (2124, 1) (2124, 1212) (2124, 1) (1212, 1212)
(1212, 1)
cg iter = 12
chi2 = 0.18039338501788904


cp1
(2124, 1212) (2124, 1212)
A(0, 0) =  1.0
H(0, 0) =  255.56545060334517
(2124, 1212) (2124, 1212) (2124,)
num relin rows =  1068
  (0, 0)	1.0
  (0, 1)	0.0
  (0, 2)	0.0
  (0, 3)	0.0
  (0, 4)	0.0
  (0, 5)	0.0 0.0
(2124, 1212) (2124, 1212)
cp2
A(0, 0) =  1.0
H(0, 0) =  255.56545060334517
cp3
A(0, 0) =  1.0
H(0, 0) =  264.7030328326377
(2124, 1212) (2124, 1212)
cp4
A(0, 0) =  1.0
H(0, 0) =  264.7030328326377
cp5
A(0, 0) =  1.0
H(0, 0) =  264.7030328326377
(2124, 1212) (2124, 1) (2124, 1212) (2124, 1) (1212, 1212)
(1212, 1)
cg iter = 15
chi2 = 0.17911796305579267


cp1
(2124, 1212) (2124, 1212)
A(0, 0) =  1.0
H(0, 0) =  264.7258786033881
(2124, 1212) (2124, 1212) (2124,)
num relin rows =  885
  (0, 0)	1.0
  (0, 1)	0.0
  (0, 2)	0.0
  (0, 3)	0.0
  (0, 4)	0.0
  (0, 5)	0.0 0.0
(2124, 1212) (2124, 1212)
cp2
A(0, 0) =  1.0
H(0, 0) =  264.7258786033881
cp3
A(0, 0) =  1.0
H(0, 0) =  262.18210001297666
(2124, 1212) (2124, 1212)
cp4
A(0, 0) =  1.0
H(0, 0) =  262.18210001297666
cp5
A(0, 0) =  1.0
H(0, 0) =  262.18210001297666
(2124, 1212) (2124, 1) (2124, 1212) (2124, 1) (1212, 1212)
(1212, 1)
cg iter = 19
chi2 = 0.17386586687723807


cp1
(2124, 1212) (2124, 1212)
A(0, 0) =  1.0
H(0, 0) =  262.15216354828164
(2124, 1212) (2124, 1212) (2124,)
num relin rows =  694
  (0, 0)	1.0
  (0, 1)	0.0
  (0, 2)	0.0
  (0, 3)	0.0
  (0, 4)	0.0
  (0, 5)	0.0 0.0
(2124, 1212) (2124, 1212)
cp2
A(0, 0) =  1.0
H(0, 0) =  262.15216354828164
cp3
A(0, 0) =  1.0
H(0, 0) =  268.1293453091369
(2124, 1212) (2124, 1212)
cp4
A(0, 0) =  1.0
H(0, 0) =  268.1293453091369
cp5
A(0, 0) =  1.0
H(0, 0) =  268.1293453091369
(2124, 1212) (2124, 1) (2124, 1212) (2124, 1) (1212, 1212)
(1212, 1)
cg iter = 22
chi2 = 0.17545114926277763


Done setting up problem
step = 201
cp1
(2124, 1212) (2124, 1212)
A(0, 0) =  1.0
H(0, 0) =  268.159654082154
(2124, 1212) (2124, 1212) (2118,)
num relin rows =  686
 0.027333758749723804
(2124, 1212) (2124, 1212)
cp2
A(0, 0) =  1.0
H(0, 0) =  268.159654082154
cp3
A(0, 0) =  1.0
H(0, 0) =  263.33668278093194
(2124, 1212) (2124, 1212)
cp4
A(0, 0) =  1.0
H(0, 0) =  263.33668278093194
cp5
A(0, 0) =  1.0
H(0, 0) =  263.33668278093194
(2124, 1212) (2124, 1) (2124, 1212) (2124, 1) (1212, 1212)
(1212, 1)
cg iter = 22
chi2 = 0.1735293857300121


cp1
(2124, 1212) (2124, 1212)
A(0, 0) =  1.0
H(0, 0) =  264.4186639549987
(2124, 1212) (2124, 1212) (2118,)
num relin rows =  607
 0.02253924158510004
(2124, 1212) (2124, 1212)
cp2
A(0, 0) =  1.0
H(0, 0) =  264.4186639549987
cp3
A(0, 0) =  1.0
H(0, 0) =  270.4259059930463
(2124, 1212) (2124, 1212)
cp4
A(0, 0) =  1.0
H(0, 0) =  270.4259059930463
cp5
A(0, 0) =  1.0
H(0, 0) =  270.4259059930463
(2124, 1212) (2124, 1) (2124, 1212) (2124, 1) (1212, 1212)
(1212, 1)
cg iter = 23
chi2 = 0.1735653275566346


cp1
(2124, 1212) (2124, 1212)
A(0, 0) =  1.0
H(0, 0) =  269.3011038102421
(2124, 1212) (2124, 1212) (2118,)
num relin rows =  564
 0.019788022899463402
(2124, 1212) (2124, 1212)
cp2
A(0, 0) =  1.0
H(0, 0) =  269.3011038102421
cp3
A(0, 0) =  1.0
H(0, 0) =  264.801289173489
(2124, 1212) (2124, 1212)
cp4
A(0, 0) =  1.0
H(0, 0) =  264.801289173489
cp5
A(0, 0) =  1.0
H(0, 0) =  264.801289173489
(2124, 1212) (2124, 1) (2124, 1212) (2124, 1) (1212, 1212)
(1212, 1)
cg iter = 23
chi2 = 0.17278648183175532


cp1
(2124, 1212) (2124, 1212)
A(0, 0) =  1.0
H(0, 0) =  265.6875766416567
(2124, 1212) (2124, 1212) (2118,)
num relin rows =  502
 0.017375435040427822
(2124, 1212) (2124, 1212)
cp2
A(0, 0) =  1.0
H(0, 0) =  265.6875766416567
cp3
A(0, 0) =  1.0
H(0, 0) =  270.4846039753407
(2124, 1212) (2124, 1212)
cp4
A(0, 0) =  1.0
H(0, 0) =  270.4846039753407
cp5
A(0, 0) =  1.0
H(0, 0) =  270.4846039753407
(2124, 1212) (2124, 1) (2124, 1212) (2124, 1) (1212, 1212)
(1212, 1)
cg iter = 23
chi2 = 0.1727305695012306


cp1
(2124, 1212) (2124, 1212)
A(0, 0) =  1.0
H(0, 0) =  269.5919350966944
(2124, 1212) (2124, 1212) (2118,)
num relin rows =  449
 0.01473983066567542
(2124, 1212) (2124, 1212)
cp2
A(0, 0) =  1.0
H(0, 0) =  269.5919350966944
cp3
A(0, 0) =  1.0
H(0, 0) =  265.78353923088673
(2124, 1212) (2124, 1212)
cp4
A(0, 0) =  1.0
H(0, 0) =  265.78353923088673
cp5
A(0, 0) =  1.0
H(0, 0) =  265.78353923088673
(2124, 1212) (2124, 1) (2124, 1212) (2124, 1) (1212, 1212)
(1212, 1)
cg iter = 23
chi2 = 0.17236299359658194


cp1
(2124, 1212) (2124, 1212)
A(0, 0) =  1.0
H(0, 0) =  266.5029833748724
(2124, 1212) (2124, 1212) (2118,)
num relin rows =  409
 0.013266164074976168
(2124, 1212) (2124, 1212)
cp2
A(0, 0) =  1.0
H(0, 0) =  266.5029833748724
cp3
A(0, 0) =  1.0
H(0, 0) =  270.3487103870886
(2124, 1212) (2124, 1212)
cp4
A(0, 0) =  1.0
H(0, 0) =  270.3487103870886
cp5
A(0, 0) =  1.0
H(0, 0) =  270.3487103870886
(2124, 1212) (2124, 1) (2124, 1212) (2124, 1) (1212, 1212)
(1212, 1)
cg iter = 22
chi2 = 0.1723504919297602


cp1
(2124, 1212) (2124, 1212)
A(0, 0) =  1.0
H(0, 0) =  269.63779828586127
(2124, 1212) (2124, 1212) (2118,)
num relin rows =  353
 0.011426014859912619
(2124, 1212) (2124, 1212)
cp2
A(0, 0) =  1.0
H(0, 0) =  269.63779828586127
cp3
A(0, 0) =  1.0
H(0, 0) =  266.4779799931594
(2124, 1212) (2124, 1212)
cp4
A(0, 0) =  1.0
H(0, 0) =  266.4779799931594
cp5
A(0, 0) =  1.0
H(0, 0) =  266.4779799931594
(2124, 1212) (2124, 1) (2124, 1212) (2124, 1) (1212, 1212)
(1212, 1)
cg iter = 22
chi2 = 0.17215284360081384


step = 202
cp1
(2124, 1212) (2124, 1212)
A(0, 0) =  1.0
H(0, 0) =  267.06505635782116
(2124, 1212) (2124, 1212) (2118,)
num relin rows =  317
 0.01034021999109367
(2124, 1212) (2124, 1212)
cp2
A(0, 0) =  1.0
H(0, 0) =  267.06505635782116
cp3
A(0, 0) =  1.0
H(0, 0) =  270.1611444122097
(2136, 1218) (2124, 1212)
cp4
A(0, 0) =  1.0
H(0, 0) =  270.1611444122097
cp5
A(0, 0) =  1.0
H(0, 0) =  270.1611444122097
(2136, 1218) (2136, 1) (2136, 1218) (2136, 1) (1218, 1218)
(1218, 1)
cg iter = 23
chi2 = 0.17510749726413585


cp1
(2136, 1218) (2136, 1218)
A(0, 0) =  1.0
H(0, 0) =  269.59099153836223
(2136, 1218) (2136, 1218) (2130,)
num relin rows =  347
 0.004820481193904547
(2136, 1218) (2136, 1218)
cp2
A(0, 0) =  1.0
H(0, 0) =  269.59099153836223
cp3
A(0, 0) =  1.0
H(0, 0) =  264.2761633675183
(2136, 1218) (2136, 1218)
cp4
A(0, 0) =  1.0
H(0, 0) =  264.2761633675183
cp5
A(0, 0) =  1.0
H(0, 0) =  264.2761633675183
(2136, 1218) (2136, 1) (2136, 1218) (2136, 1) (1218, 1218)
(1218, 1)
cg iter = 23
chi2 = 0.17470988771731133


cp1
(2136, 1218) (2136, 1218)
A(0, 0) =  1.0
H(0, 0) =  266.1684766723214
(2136, 1218) (2136, 1218) (2130,)
num relin rows =  281
 0.010814922215237423
(2136, 1218) (2136, 1218)
cp2
A(0, 0) =  1.0
H(0, 0) =  266.1684766723214
cp3
A(0, 0) =  1.0
H(0, 0) =  268.2285381330703
(2136, 1218) (2136, 1218)
cp4
A(0, 0) =  1.0
H(0, 0) =  268.2285381330703
cp5
A(0, 0) =  1.0
H(0, 0) =  268.2285381330703
(2136, 1218) (2136, 1) (2136, 1218) (2136, 1) (1218, 1218)
(1218, 1)
cg iter = 23
chi2 = 0.17471901694386263


cp1
(2136, 1218) (2136, 1218)
A(0, 0) =  1.0
H(0, 0) =  267.9418148001108
(2136, 1218) (2136, 1218) (2130,)
num relin rows =  214
 0.004843078034046919
(2136, 1218) (2136, 1218)
cp2
A(0, 0) =  1.0
H(0, 0) =  267.9418148001108
cp3
A(0, 0) =  1.0
H(0, 0) =  265.36050445441634
(2136, 1218) (2136, 1218)
cp4
A(0, 0) =  1.0
H(0, 0) =  265.36050445441634
cp5
A(0, 0) =  1.0
H(0, 0) =  265.36050445441634
(2136, 1218) (2136, 1) (2136, 1218) (2136, 1) (1218, 1218)
(1218, 1)
cg iter = 24
chi2 = 0.17463231920131428


cp1
(2136, 1218) (2136, 1218)
A(0, 0) =  1.0
H(0, 0) =  265.84787087305085
(2136, 1218) (2136, 1218) (2130,)
num relin rows =  208
 0.008808128531310959
(2136, 1218) (2136, 1218)
cp2
A(0, 0) =  1.0
H(0, 0) =  265.84787087305085
cp3
A(0, 0) =  1.0
H(0, 0) =  267.8921605164962
(2136, 1218) (2136, 1218)
cp4
A(0, 0) =  1.0
H(0, 0) =  267.8921605164962
cp5
A(0, 0) =  1.0
H(0, 0) =  267.8921605164962
(2136, 1218) (2136, 1) (2136, 1218) (2136, 1) (1218, 1218)
(1218, 1)
cg iter = 21
chi2 = 0.174658037454167


cp1
(2136, 1218) (2136, 1218)
A(0, 0) =  1.0
H(0, 0) =  267.52793007693447
(2136, 1218) (2136, 1218) (2130,)
num relin rows =  170
 0.0058795091545885345
(2136, 1218) (2136, 1218)
cp2
A(0, 0) =  1.0
H(0, 0) =  267.52793007693447
cp3
A(0, 0) =  1.0
H(0, 0) =  265.61350351600004
(2136, 1218) (2136, 1218)
cp4
A(0, 0) =  1.0
H(0, 0) =  265.61350351600004
cp5
A(0, 0) =  1.0
H(0, 0) =  265.61350351600004
(2136, 1218) (2136, 1) (2136, 1218) (2136, 1) (1218, 1218)
(1218, 1)
cg iter = 22
chi2 = 0.17459806011302165


cp1
(2136, 1218) (2136, 1218)
A(0, 0) =  1.0
H(0, 0) =  265.963244374042
(2136, 1218) (2136, 1218) (2130,)
num relin rows =  161
 0.0070737613060902
(2136, 1218) (2136, 1218)
cp2
A(0, 0) =  1.0
H(0, 0) =  265.963244374042
cp3
A(0, 0) =  1.0
H(0, 0) =  267.64839247112144
(2136, 1218) (2136, 1218)
cp4
A(0, 0) =  1.0
H(0, 0) =  267.64839247112144
cp5
A(0, 0) =  1.0
H(0, 0) =  267.64839247112144
(2136, 1218) (2136, 1) (2136, 1218) (2136, 1) (1218, 1218)
(1218, 1)
cg iter = 21
chi2 = 0.1746223592564004


step = 203
cp1
(2136, 1218) (2136, 1218)
A(0, 0) =  1.0
H(0, 0) =  267.35069544005
(2136, 1218) (2136, 1218) (2130,)
num relin rows =  137
 0.0054376539669337
(2136, 1218) (2136, 1218)
cp2
A(0, 0) =  1.0
H(0, 0) =  267.35069544005
cp3
A(0, 0) =  1.0
H(0, 0) =  265.79711546588345
(2148, 1224) (2136, 1218)
cp4
A(0, 0) =  1.0
H(0, 0) =  265.79711546588345
cp5
A(0, 0) =  1.0
H(0, 0) =  265.79711546588345
(2148, 1224) (2148, 1) (2148, 1224) (2148, 1) (1224, 1224)
(1224, 1)
cg iter = 21
chi2 = 0.17547280842590846


cp1
(2148, 1224) (2148, 1224)
A(0, 0) =  1.0
H(0, 0) =  266.0770997485061
(2148, 1224) (2148, 1224) (2142,)
num relin rows =  206
 0.011536024711853984
(2148, 1224) (2148, 1224)
cp2
A(0, 0) =  1.0
H(0, 0) =  266.0770997485061
cp3
A(0, 0) =  1.0
H(0, 0) =  265.9573243955388
(2148, 1224) (2148, 1224)
cp4
A(0, 0) =  1.0
H(0, 0) =  265.9573243955388
cp5
A(0, 0) =  1.0
H(0, 0) =  265.9573243955388
(2148, 1224) (2148, 1) (2148, 1224) (2148, 1) (1224, 1224)
(1224, 1)
cg iter = 16
chi2 = 0.1752356178095638


cp1
(2148, 1224) (2148, 1224)
A(0, 0) =  1.0
H(0, 0) =  266.54565396603533
(2148, 1224) (2148, 1224) (2142,)
num relin rows =  129
 0.006878417692705405
(2148, 1224) (2148, 1224)
cp2
A(0, 0) =  1.0
H(0, 0) =  266.54565396603533
cp3
A(0, 0) =  1.0
H(0, 0) =  265.36918732151656
(2148, 1224) (2148, 1224)
cp4
A(0, 0) =  1.0
H(0, 0) =  265.36918732151656
cp5
A(0, 0) =  1.0
H(0, 0) =  265.36918732151656
(2148, 1224) (2148, 1) (2148, 1224) (2148, 1) (1224, 1224)
(1224, 1)
cg iter = 20
chi2 = 0.17519542608913224


cp1
(2148, 1224) (2148, 1224)
A(0, 0) =  1.0
H(0, 0) =  265.6555913160538
(2148, 1224) (2148, 1224) (2142,)
num relin rows =  98
 0.008151954734402972
(2148, 1224) (2148, 1224)
cp2
A(0, 0) =  1.0
H(0, 0) =  265.6555913160538
cp3
A(0, 0) =  1.0
H(0, 0) =  265.6555913160538
(2148, 1224) (2148, 1224)
cp4
A(0, 0) =  1.0
H(0, 0) =  265.6555913160538
cp5
A(0, 0) =  1.0
H(0, 0) =  265.6555913160538
(2148, 1224) (2148, 1) (2148, 1224) (2148, 1) (1224, 1224)
(1224, 1)
cg iter = 20
chi2 = 0.1752147875268665


cp1
(2148, 1224) (2148, 1224)
A(0, 0) =  1.0
H(0, 0) =  266.36565525211176
(2148, 1224) (2148, 1224) (2142,)
num relin rows =  69
 0.004480125758223874
(2148, 1224) (2148, 1224)
cp2
A(0, 0) =  1.0
H(0, 0) =  266.36565525211176
cp3
A(0, 0) =  1.0
H(0, 0) =  265.32360101039194
(2148, 1224) (2148, 1224)
cp4
A(0, 0) =  1.0
H(0, 0) =  265.32360101039194
cp5
A(0, 0) =  1.0
H(0, 0) =  265.32360101039194
(2148, 1224) (2148, 1) (2148, 1224) (2148, 1) (1224, 1224)
(1224, 1)
cg iter = 20
chi2 = 0.17518805596947767


cp1
(2148, 1224) (2148, 1224)
A(0, 0) =  1.0
H(0, 0) =  265.5105863296586
(2148, 1224) (2148, 1224) (2142,)
num relin rows =  50
 0.005460812505644258
(2148, 1224) (2148, 1224)
cp2
A(0, 0) =  1.0
H(0, 0) =  265.5105863296586
cp3
A(0, 0) =  1.0
H(0, 0) =  265.5105863296586
(2148, 1224) (2148, 1224)
cp4
A(0, 0) =  1.0
H(0, 0) =  265.5105863296586
cp5
A(0, 0) =  1.0
H(0, 0) =  265.5105863296586
(2148, 1224) (2148, 1) (2148, 1224) (2148, 1) (1224, 1224)
(1224, 1)
cg iter = 18
chi2 = 0.1752054258134459


cp1
(2148, 1224) (2148, 1224)
A(0, 0) =  1.0
H(0, 0) =  266.2416219121101
(2148, 1224) (2148, 1224) (2142,)
num relin rows =  35
 0.0033594825704493653
(2148, 1224) (2148, 1224)
cp2
A(0, 0) =  1.0
H(0, 0) =  266.2416219121101
cp3
A(0, 0) =  1.0
H(0, 0) =  266.2416219121101
(2148, 1224) (2148, 1224)
cp4
A(0, 0) =  1.0
H(0, 0) =  266.2416219121101
cp5
A(0, 0) =  1.0
H(0, 0) =  266.2416219121101
(2148, 1224) (2148, 1) (2148, 1224) (2148, 1) (1224, 1224)
(1224, 1)
cg iter = 19
chi2 = 0.1751843833411083


Press key


Set up at step = 590
cp1
(2148, 1224) (2148, 1224)
A(0, 0) =  1.0
H(0, 0) =  265.49128183894277
(2148, 1224) (2148, 1224) (2148,)
num relin rows =  27
  (0, 0)	1.0
  (0, 1)	0.0
  (0, 2)	0.0
  (0, 3)	0.0
  (0, 4)	0.0
  (0, 5)	0.0 0.0
(2148, 1224) (2148, 1224)
cp2
A(0, 0) =  1.0
H(0, 0) =  265.49128183894277
cp3
A(0, 0) =  1.0
H(0, 0) =  265.49128183894277
(6792, 3546) (2148, 1224)
cp4
A(0, 0) =  1.0
H(0, 0) =  265.49128183894277
cp5
A(0, 0) =  1.0
H(0, 0) =  265.49128183894277
(6792, 3546) (6792, 1) (6792, 3546) (6792, 1) (3546, 3546)
(3546, 1)
cg iter = 14
chi2 = 45.24334174486669


cp1
(6792, 3546) (6792, 3546)
A(0, 0) =  1.0
H(0, 0) =  266.14871415823984
(6792, 3546) (6792, 3546) (6792,)
num relin rows =  5545
  (0, 0)	1.0
  (0, 1)	0.0
  (0, 2)	0.0
  (0, 3)	0.0
  (0, 4)	0.0
  (0, 5)	0.0 0.0
(6792, 3546) (6792, 3546)
cp2
A(0, 0) =  1.0
H(0, 0) =  266.14871415823984
cp3
A(0, 0) =  1.0
H(0, 0) =  270.868960596325
(6792, 3546) (6792, 3546)
cp4
A(0, 0) =  1.0
H(0, 0) =  270.868960596325
cp5
A(0, 0) =  1.0
H(0, 0) =  270.868960596325
(6792, 3546) (6792, 1) (6792, 3546) (6792, 1) (3546, 3546)
(3546, 1)
cg iter = 11
chi2 = 1.5527793611528249


cp1
(6792, 3546) (6792, 3546)
A(0, 0) =  1.0
H(0, 0) =  270.89025382283995
(6792, 3546) (6792, 3546) (6792,)
num relin rows =  5793
  (0, 0)	1.0
  (0, 1)	0.0
  (0, 2)	0.0
  (0, 3)	0.0
  (0, 4)	0.0
  (0, 5)	0.0 0.0
(6792, 3546) (6792, 3546)
cp2
A(0, 0) =  1.0
H(0, 0) =  270.89025382283995
cp3
A(0, 0) =  1.0
H(0, 0) =  259.4451834468861
(6792, 3546) (6792, 3546)
cp4
A(0, 0) =  1.0
H(0, 0) =  259.4451834468861
cp5
A(0, 0) =  1.0
H(0, 0) =  259.4451834468861
(6792, 3546) (6792, 1) (6792, 3546) (6792, 1) (3546, 3546)
(3546, 1)
cg iter = 13
chi2 = 0.37432619474801193


cp1
(6792, 3546) (6792, 3546)
A(0, 0) =  1.0
H(0, 0) =  259.3436011657181
(6792, 3546) (6792, 3546) (6792,)
num relin rows =  4816
  (0, 0)	1.0
  (0, 1)	0.0
  (0, 2)	0.0
  (0, 3)	0.0
  (0, 4)	0.0
  (0, 5)	0.0 0.0
(6792, 3546) (6792, 3546)
cp2
A(0, 0) =  1.0
H(0, 0) =  259.3436011657181
cp3
A(0, 0) =  1.0
H(0, 0) =  262.62635093821746
(6792, 3546) (6792, 3546)
cp4
A(0, 0) =  1.0
H(0, 0) =  262.62635093821746
cp5
A(0, 0) =  1.0
H(0, 0) =  262.62635093821746
(6792, 3546) (6792, 1) (6792, 3546) (6792, 1) (3546, 3546)
(3546, 1)
cg iter = 16
chi2 = 0.18534265993500962


cp1
(6792, 3546) (6792, 3546)
A(0, 0) =  1.0
H(0, 0) =  261.91416167209127
(6792, 3546) (6792, 3546) (6792,)
num relin rows =  3362
  (0, 0)	1.0
  (0, 1)	0.0
  (0, 2)	0.0
  (0, 3)	0.0
  (0, 4)	0.0
  (0, 5)	0.0 0.0
(6792, 3546) (6792, 3546)
cp2
A(0, 0) =  1.0
H(0, 0) =  261.91416167209127
cp3
A(0, 0) =  1.0
H(0, 0) =  257.54955377044746
(6792, 3546) (6792, 3546)
cp4
A(0, 0) =  1.0
H(0, 0) =  257.54955377044746
cp5
A(0, 0) =  1.0
H(0, 0) =  257.54955377044746
(6792, 3546) (6792, 1) (6792, 3546) (6792, 1) (3546, 3546)
(3546, 1)
cg iter = 22
chi2 = 0.165628584674656


cp1
(6792, 3546) (6792, 3546)
A(0, 0) =  1.0
H(0, 0) =  257.9839404261121
(6792, 3546) (6792, 3546) (6792,)
num relin rows =  2208
  (0, 0)	1.0
  (0, 1)	0.0
  (0, 2)	0.0
  (0, 3)	0.0
  (0, 4)	0.0
  (0, 5)	0.0 0.0
(6792, 3546) (6792, 3546)
cp2
A(0, 0) =  1.0
H(0, 0) =  257.9839404261121
cp3
A(0, 0) =  1.0
H(0, 0) =  257.75917866810363
(6792, 3546) (6792, 3546)
cp4
A(0, 0) =  1.0
H(0, 0) =  257.75917866810363
cp5
A(0, 0) =  1.0
H(0, 0) =  257.75917866810363
(6792, 3546) (6792, 1) (6792, 3546) (6792, 1) (3546, 3546)
(3546, 1)
cg iter = 26
chi2 = 0.16490759723542886


cp1
(6792, 3546) (6792, 3546)
A(0, 0) =  1.0
H(0, 0) =  257.74665383515685
(6792, 3546) (6792, 3546) (6792,)
num relin rows =  1547
  (0, 0)	1.0
  (0, 1)	0.0
  (0, 2)	0.0
  (0, 3)	0.0
  (0, 4)	0.0
  (0, 5)	0.0 0.0
(6792, 3546) (6792, 3546)
cp2
A(0, 0) =  1.0
H(0, 0) =  257.74665383515685
cp3
A(0, 0) =  1.0
H(0, 0) =  256.4252498201607
(6792, 3546) (6792, 3546)
cp4
A(0, 0) =  1.0
H(0, 0) =  256.4252498201607
cp5
A(0, 0) =  1.0
H(0, 0) =  256.4252498201607
(6792, 3546) (6792, 1) (6792, 3546) (6792, 1) (3546, 3546)
(3546, 1)
cg iter = 26
chi2 = 0.16384009768945856


Done setting up problem
step = 590
cp1
(6792, 3546) (6792, 3546)
A(0, 0) =  1.0
H(0, 0) =  256.5796429235725
(6792, 3546) (6792, 3546) (6786,)
num relin rows =  1053
 0.004093471276941069
(6792, 3546) (6792, 3546)
cp2
A(0, 0) =  1.0
H(0, 0) =  256.5796429235725
cp3
A(0, 0) =  1.0
H(0, 0) =  256.5796429235725
(6792, 3546) (6792, 3546)
cp4
A(0, 0) =  1.0
H(0, 0) =  256.5796429235725
cp5
A(0, 0) =  1.0
H(0, 0) =  256.5796429235725
(6792, 3546) (6792, 1) (6792, 3546) (6792, 1) (3546, 3546)
(3546, 1)
cg iter = 27
chi2 = 0.16390434911255367


cp1
(6792, 3546) (6792, 3546)
A(0, 0) =  1.0
H(0, 0) =  256.2970859983294
(6792, 3546) (6792, 3546) (6780,)
num relin rows =  756
 0.004380159103980763
(6792, 3546) (6792, 3546)
cp2
A(0, 0) =  1.0
H(0, 0) =  256.2970859983294
cp3
A(0, 0) =  1.0
H(0, 0) =  255.5862296181954
(6792, 3546) (6792, 3546)
cp4
A(0, 0) =  1.0
H(0, 0) =  255.5862296181954
cp5
A(0, 0) =  1.0
H(0, 0) =  255.5862296181954
(6792, 3546) (6792, 1) (6792, 3546) (6792, 1) (3546, 3546)
(3546, 1)
cg iter = 26
chi2 = 0.16364369553162236


cp1
(6792, 3546) (6792, 3546)
A(0, 0) =  1.0
H(0, 0) =  255.68694242837503
(6792, 3546) (6792, 3546) (6786,)
num relin rows =  528
 0.0035600173447938033
(6792, 3546) (6792, 3546)
cp2
A(0, 0) =  1.0
H(0, 0) =  255.68694242837503
cp3
A(0, 0) =  1.0
H(0, 0) =  255.68694242837503
(6792, 3546) (6792, 3546)
cp4
A(0, 0) =  1.0
H(0, 0) =  255.68694242837503
cp5
A(0, 0) =  1.0
H(0, 0) =  255.68694242837503
(6792, 3546) (6792, 1) (6792, 3546) (6792, 1) (3546, 3546)
(3546, 1)
cg iter = 25
chi2 = 0.16365627953846237


cp1
(6792, 3546) (6792, 3546)
A(0, 0) =  1.0
H(0, 0) =  255.49402258486737
(6792, 3546) (6792, 3546) (6762,)
num relin rows =  396
 0.003086821650909408
(6792, 3546) (6792, 3546)
cp2
A(0, 0) =  1.0
H(0, 0) =  255.49402258486737
cp3
A(0, 0) =  1.0
H(0, 0) =  255.49402258486737
(6792, 3546) (6792, 3546)
cp4
A(0, 0) =  1.0
H(0, 0) =  255.49402258486737
cp5
A(0, 0) =  1.0
H(0, 0) =  255.49402258486737
(6792, 3546) (6792, 1) (6792, 3546) (6792, 1) (3546, 3546)
(3546, 1)
cg iter = 24
chi2 = 0.1635742130843362


cp1
(6792, 3546) (6792, 3546)
A(0, 0) =  1.0
H(0, 0) =  255.19227763261543
(6792, 3546) (6792, 3546) (6750,)
num relin rows =  306
 0.004039095029666762
(6792, 3546) (6792, 3546)
cp2
A(0, 0) =  1.0
H(0, 0) =  255.19227763261543
cp3
A(0, 0) =  1.0
H(0, 0) =  255.19227763261543
(6792, 3546) (6792, 3546)
cp4
A(0, 0) =  1.0
H(0, 0) =  255.19227763261543
cp5
A(0, 0) =  1.0
H(0, 0) =  255.19227763261543
(6792, 3546) (6792, 1) (6792, 3546) (6792, 1) (3546, 3546)
(3546, 1)
cg iter = 23
chi2 = 0.1635695456903839


cp1
(6792, 3546) (6792, 3546)
A(0, 0) =  1.0
H(0, 0) =  255.19227763261543
(6792, 3546) (6792, 3546) (6714,)
num relin rows =  249
 0.0028452616812206805
(6792, 3546) (6792, 3546)
cp2
A(0, 0) =  1.0
H(0, 0) =  255.19227763261543
cp3
A(0, 0) =  1.0
H(0, 0) =  255.19227763261543
(6792, 3546) (6792, 3546)
cp4
A(0, 0) =  1.0
H(0, 0) =  255.19227763261543
cp5
A(0, 0) =  1.0
H(0, 0) =  255.19227763261543
(6792, 3546) (6792, 1) (6792, 3546) (6792, 1) (3546, 3546)
(3546, 1)
cg iter = 23
chi2 = 0.16353673592333806


cp1
(6792, 3546) (6792, 3546)
A(0, 0) =  1.0
H(0, 0) =  254.9202960692785
(6792, 3546) (6792, 3546) (6690,)
num relin rows =  216
 0.003717608996716852
(6792, 3546) (6792, 3546)
cp2
A(0, 0) =  1.0
H(0, 0) =  254.9202960692785
cp3
A(0, 0) =  1.0
H(0, 0) =  254.9202960692785
(6792, 3546) (6792, 3546)
cp4
A(0, 0) =  1.0
H(0, 0) =  254.9202960692785
cp5
A(0, 0) =  1.0
H(0, 0) =  254.9202960692785
(6792, 3546) (6792, 1) (6792, 3546) (6792, 1) (3546, 3546)
(3546, 1)
cg iter = 21
chi2 = 0.16352948463972442


step = 591
cp1
(6792, 3546) (6792, 3546)
A(0, 0) =  1.0
H(0, 0) =  254.9202960692785
(6792, 3546) (6792, 3546) (6642,)
num relin rows =  195
 0.0007278520876705524
(6792, 3546) (6792, 3546)
cp2
A(0, 0) =  1.0
H(0, 0) =  254.9202960692785
cp3
A(0, 0) =  1.0
H(0, 0) =  254.9202960692785
(6804, 3552) (6792, 3546)
cp4
A(0, 0) =  1.0
H(0, 0) =  254.9202960692785
cp5
A(0, 0) =  1.0
H(0, 0) =  254.9202960692785
(6804, 3552) (6804, 1) (6804, 3552) (6804, 1) (3552, 3552)
(3552, 1)
cg iter = 21
chi2 = 0.1633864045602486


cp1
(6804, 3552) (6804, 3552)
A(0, 0) =  1.0
H(0, 0) =  254.9202960692785
(6804, 3552) (6804, 3552) (6672,)
num relin rows =  220
 0.0034853097334703598
(6804, 3552) (6804, 3552)
cp2
A(0, 0) =  1.0
H(0, 0) =  254.9202960692785
cp3
A(0, 0) =  1.0
H(0, 0) =  254.9202960692785
(6804, 3552) (6804, 3552)
cp4
A(0, 0) =  1.0
H(0, 0) =  254.9202960692785
cp5
A(0, 0) =  1.0
H(0, 0) =  254.9202960692785
(6804, 3552) (6804, 1) (6804, 3552) (6804, 1) (3552, 3552)
(3552, 1)
cg iter = 20
chi2 = 0.16337239244312332


cp1
(6804, 3552) (6804, 3552)
A(0, 0) =  1.0
H(0, 0) =  254.72994217853238
(6804, 3552) (6804, 3552) (6684,)
num relin rows =  168
 0.0016775773861743004
(6804, 3552) (6804, 3552)
cp2
A(0, 0) =  1.0
H(0, 0) =  254.72994217853238
cp3
A(0, 0) =  1.0
H(0, 0) =  254.72994217853238
(6804, 3552) (6804, 3552)
cp4
A(0, 0) =  1.0
H(0, 0) =  254.72994217853238
cp5
A(0, 0) =  1.0
H(0, 0) =  254.72994217853238
(6804, 3552) (6804, 1) (6804, 3552) (6804, 1) (3552, 3552)
(3552, 1)
cg iter = 20
chi2 = 0.16335802233276464


cp1
(6804, 3552) (6804, 3552)
A(0, 0) =  1.0
H(0, 0) =  254.72994217853238
(6804, 3552) (6804, 3552) (6360,)
num relin rows =  177
 0.002871302307511061
(6804, 3552) (6804, 3552)
cp2
A(0, 0) =  1.0
H(0, 0) =  254.72994217853238
cp3
A(0, 0) =  1.0
H(0, 0) =  254.72994217853238
(6804, 3552) (6804, 3552)
cp4
A(0, 0) =  1.0
H(0, 0) =  254.72994217853238
cp5
A(0, 0) =  1.0
H(0, 0) =  254.72994217853238
(6804, 3552) (6804, 1) (6804, 3552) (6804, 1) (3552, 3552)
(3552, 1)
cg iter = 19
chi2 = 0.16335429188480877


cp1
(6804, 3552) (6804, 3552)
A(0, 0) =  1.0
H(0, 0) =  254.72994217853238
(6804, 3552) (6804, 3552) (6150,)
num relin rows =  171
 0.0019717833359677653
(6804, 3552) (6804, 3552)
cp2
A(0, 0) =  1.0
H(0, 0) =  254.72994217853238
cp3
A(0, 0) =  1.0
H(0, 0) =  254.72994217853238
(6804, 3552) (6804, 3552)
cp4
A(0, 0) =  1.0
H(0, 0) =  254.72994217853238
cp5
A(0, 0) =  1.0
H(0, 0) =  254.72994217853238
(6804, 3552) (6804, 1) (6804, 3552) (6804, 1) (3552, 3552)
(3552, 1)
cg iter = 19
chi2 = 0.16334496607059032


cp1
(6804, 3552) (6804, 3552)
A(0, 0) =  1.0
H(0, 0) =  254.72994217853238
(6804, 3552) (6804, 3552) (6240,)
num relin rows =  167
 0.0031637397547252255
(6804, 3552) (6804, 3552)
cp2
A(0, 0) =  1.0
H(0, 0) =  254.72994217853238
cp3
A(0, 0) =  1.0
H(0, 0) =  254.72994217853238
(6804, 3552) (6804, 3552)
cp4
A(0, 0) =  1.0
H(0, 0) =  254.72994217853238
cp5
A(0, 0) =  1.0
H(0, 0) =  254.72994217853238
(6804, 3552) (6804, 1) (6804, 3552) (6804, 1) (3552, 3552)
(3552, 1)
cg iter = 19
chi2 = 0.16334289928354395


cp1
(6804, 3552) (6804, 3552)
A(0, 0) =  1.0
H(0, 0) =  254.72994217853238
(6804, 3552) (6804, 3552) (5628,)
num relin rows =  157
 0.0017949241944948124
(6804, 3552) (6804, 3552)
cp2
A(0, 0) =  1.0
H(0, 0) =  254.72994217853238
cp3
A(0, 0) =  1.0
H(0, 0) =  254.72994217853238
(6804, 3552) (6804, 3552)
cp4
A(0, 0) =  1.0
H(0, 0) =  254.72994217853238
cp5
A(0, 0) =  1.0
H(0, 0) =  254.72994217853238
(6804, 3552) (6804, 1) (6804, 3552) (6804, 1) (3552, 3552)
(3552, 1)
cg iter = 19
chi2 = 0.16333498451390563


step = 592
cp1
(6804, 3552) (6804, 3552)
A(0, 0) =  1.0
H(0, 0) =  254.72994217853238
(6804, 3552) (6804, 3552) (6282,)
num relin rows =  150
 0.003220579956256131
(6804, 3552) (6804, 3552)
cp2
A(0, 0) =  1.0
H(0, 0) =  254.72994217853238
cp3
A(0, 0) =  1.0
H(0, 0) =  254.72994217853238
(6816, 3558) (6804, 3552)
cp4
A(0, 0) =  1.0
H(0, 0) =  254.72994217853238
cp5
A(0, 0) =  1.0
H(0, 0) =  254.72994217853238
(6816, 3558) (6816, 1) (6816, 3558) (6816, 1) (3558, 3558)
(3558, 1)
cg iter = 19
chi2 = 0.16314717910490814


cp1
(6816, 3558) (6816, 3558)
A(0, 0) =  1.0
H(0, 0) =  254.72994217853238
(6816, 3558) (6816, 3558) (6006,)
num relin rows =  193
 0.00277712401884328
(6816, 3558) (6816, 3558)
cp2
A(0, 0) =  1.0
H(0, 0) =  254.72994217853238
cp3
A(0, 0) =  1.0
H(0, 0) =  254.72994217853238
(6816, 3558) (6816, 3558)
cp4
A(0, 0) =  1.0
H(0, 0) =  254.72994217853238
cp5
A(0, 0) =  1.0
H(0, 0) =  254.72994217853238
(6816, 3558) (6816, 1) (6816, 3558) (6816, 1) (3558, 3558)
(3558, 1)
cg iter = 19
chi2 = 0.1631340529220499


cp1
(6816, 3558) (6816, 3558)
A(0, 0) =  1.0
H(0, 0) =  254.72493826611088
(6816, 3558) (6816, 3558) (6612,)
num relin rows =  147
 0.0025529472332617713
(6816, 3558) (6816, 3558)
cp2
A(0, 0) =  1.0
H(0, 0) =  254.72493826611088
cp3
A(0, 0) =  1.0
H(0, 0) =  254.72493826611088
(6816, 3558) (6816, 3558)
cp4
A(0, 0) =  1.0
H(0, 0) =  254.72493826611088
cp5
A(0, 0) =  1.0
H(0, 0) =  254.72493826611088
(6816, 3558) (6816, 1) (6816, 3558) (6816, 1) (3558, 3558)
(3558, 1)
cg iter = 19
chi2 = 0.16313342343299092


cp1
(6816, 3558) (6816, 3558)
A(0, 0) =  1.0
H(0, 0) =  254.72493826611088
(6816, 3558) (6816, 3558) (6204,)
num relin rows =  138
 0.0015314883146889113
(6816, 3558) (6816, 3558)
cp2
A(0, 0) =  1.0
H(0, 0) =  254.72493826611088
cp3
A(0, 0) =  1.0
H(0, 0) =  254.72493826611088
(6816, 3558) (6816, 3558)
cp4
A(0, 0) =  1.0
H(0, 0) =  254.72493826611088
cp5
A(0, 0) =  1.0
H(0, 0) =  254.72493826611088
(6816, 3558) (6816, 1) (6816, 3558) (6816, 1) (3558, 3558)
(3558, 1)
cg iter = 18
chi2 = 0.16312661871975043


cp1
(6816, 3558) (6816, 3558)
A(0, 0) =  1.0
H(0, 0) =  254.72493826611088
(6816, 3558) (6816, 3558) (6420,)
num relin rows =  131
 0.0031494841384545197
(6816, 3558) (6816, 3558)
cp2
A(0, 0) =  1.0
H(0, 0) =  254.72493826611088
cp3
A(0, 0) =  1.0
H(0, 0) =  254.72493826611088
(6816, 3558) (6816, 3558)
cp4
A(0, 0) =  1.0
H(0, 0) =  254.72493826611088
cp5
A(0, 0) =  1.0
H(0, 0) =  254.72493826611088
(6816, 3558) (6816, 1) (6816, 3558) (6816, 1) (3558, 3558)
(3558, 1)
cg iter = 18
chi2 = 0.16312823636455287


cp1
(6816, 3558) (6816, 3558)
A(0, 0) =  1.0
H(0, 0) =  254.72493826611088
(6816, 3558) (6816, 3558) (6186,)
num relin rows =  128
 0.0006434046198990073
(6816, 3558) (6816, 3558)
cp2
A(0, 0) =  1.0
H(0, 0) =  254.72493826611088
cp3
A(0, 0) =  1.0
H(0, 0) =  254.72493826611088
(6816, 3558) (6816, 3558)
cp4
A(0, 0) =  1.0
H(0, 0) =  254.72493826611088
cp5
A(0, 0) =  1.0
H(0, 0) =  254.72493826611088
(6816, 3558) (6816, 1) (6816, 3558) (6816, 1) (3558, 3558)
(3558, 1)
cg iter = 17
chi2 = 0.16312160840651796


cp1
(6816, 3558) (6816, 3558)
A(0, 0) =  1.0
H(0, 0) =  254.72493826611088
(6816, 3558) (6816, 3558) (6222,)
num relin rows =  124
 0.0024038183555220006
(6816, 3558) (6816, 3558)
cp2
A(0, 0) =  1.0
H(0, 0) =  254.72493826611088
cp3
A(0, 0) =  1.0
H(0, 0) =  254.72493826611088
(6816, 3558) (6816, 3558)
cp4
A(0, 0) =  1.0
H(0, 0) =  254.72493826611088
cp5
A(0, 0) =  1.0
H(0, 0) =  254.72493826611088
(6816, 3558) (6816, 1) (6816, 3558) (6816, 1) (3558, 3558)
(3558, 1)
cg iter = 17
chi2 = 0.16312487162925135


Press key


Set up at step = 768
cp1
(6816, 3558) (6816, 3558)
A(0, 0) =  1.0
H(0, 0) =  254.72493826611088
(6816, 3558) (6816, 3558) (6816,)
num relin rows =  116
  (0, 0)	1.0
  (0, 1)	0.0
  (0, 2)	0.0
  (0, 3)	0.0
  (0, 4)	0.0
  (0, 5)	0.0 0.0
(6816, 3558) (6816, 3558)
cp2
A(0, 0) =  1.0
H(0, 0) =  254.72493826611088
cp3
A(0, 0) =  1.0
H(0, 0) =  254.72493826611088
(8928, 4614) (6816, 3558)
cp4
A(0, 0) =  1.0
H(0, 0) =  254.72493826611088
cp5
A(0, 0) =  1.0
H(0, 0) =  254.72493826611088
(8928, 4614) (8928, 1) (8928, 4614) (8928, 1) (4614, 4614)
(4614, 1)
cg iter = 14
chi2 = 11.641914271885712


cp1
(8928, 4614) (8928, 4614)
A(0, 0) =  1.0
H(0, 0) =  254.63567785519203
(8928, 4614) (8928, 4614) (8928,)
num relin rows =  3858
  (0, 0)	1.0
  (0, 1)	0.0
  (0, 2)	0.0
  (0, 3)	0.0
  (0, 4)	0.0
  (0, 5)	0.0 0.0
(8928, 4614) (8928, 4614)
cp2
A(0, 0) =  1.0
H(0, 0) =  254.63567785519203
cp3
A(0, 0) =  1.0
H(0, 0) =  254.63567785519203
(8928, 4614) (8928, 4614)
cp4
A(0, 0) =  1.0
H(0, 0) =  254.63567785519203
cp5
A(0, 0) =  1.0
H(0, 0) =  254.63567785519203
(8928, 4614) (8928, 1) (8928, 4614) (8928, 1) (4614, 4614)
(4614, 1)
cg iter = 23
chi2 = 0.27107398712199776


cp1
(8928, 4614) (8928, 4614)
A(0, 0) =  1.0
H(0, 0) =  254.41422064601883
(8928, 4614) (8928, 4614) (8928,)
num relin rows =  3762
  (0, 0)	1.0
  (0, 1)	0.0
  (0, 2)	0.0
  (0, 3)	0.0
  (0, 4)	0.0
  (0, 5)	0.0 0.0
(8928, 4614) (8928, 4614)
cp2
A(0, 0) =  1.0
H(0, 0) =  254.41422064601883
cp3
A(0, 0) =  1.0
H(0, 0) =  254.41422064601883
(8928, 4614) (8928, 4614)
cp4
A(0, 0) =  1.0
H(0, 0) =  254.41422064601883
cp5
A(0, 0) =  1.0
H(0, 0) =  254.41422064601883
(8928, 4614) (8928, 1) (8928, 4614) (8928, 1) (4614, 4614)
(4614, 1)
cg iter = 23
chi2 = 0.1748048966361328


cp1
(8928, 4614) (8928, 4614)
A(0, 0) =  1.0
H(0, 0) =  254.3622656647871
(8928, 4614) (8928, 4614) (8928,)
num relin rows =  2997
  (0, 0)	1.0
  (0, 1)	0.0
  (0, 2)	0.0
  (0, 3)	0.0
  (0, 4)	0.0
  (0, 5)	0.0 0.0
(8928, 4614) (8928, 4614)
cp2
A(0, 0) =  1.0
H(0, 0) =  254.3622656647871
cp3
A(0, 0) =  1.0
H(0, 0) =  254.3622656647871
(8928, 4614) (8928, 4614)
cp4
A(0, 0) =  1.0
H(0, 0) =  254.3622656647871
cp5
A(0, 0) =  1.0
H(0, 0) =  254.3622656647871
(8928, 4614) (8928, 1) (8928, 4614) (8928, 1) (4614, 4614)
(4614, 1)
cg iter = 25
chi2 = 0.16275586059745017


cp1
(8928, 4614) (8928, 4614)
A(0, 0) =  1.0
H(0, 0) =  254.6489259825333
(8928, 4614) (8928, 4614) (8928,)
num relin rows =  1887
  (0, 0)	1.0
  (0, 1)	0.0
  (0, 2)	0.0
  (0, 3)	0.0
  (0, 4)	0.0
  (0, 5)	0.0 0.0
(8928, 4614) (8928, 4614)
cp2
A(0, 0) =  1.0
H(0, 0) =  254.6489259825333
cp3
A(0, 0) =  1.0
H(0, 0) =  254.6489259825333
(8928, 4614) (8928, 4614)
cp4
A(0, 0) =  1.0
H(0, 0) =  254.6489259825333
cp5
A(0, 0) =  1.0
H(0, 0) =  254.6489259825333
(8928, 4614) (8928, 1) (8928, 4614) (8928, 1) (4614, 4614)
(4614, 1)
cg iter = 27
chi2 = 0.16201105063659613


cp1
(8928, 4614) (8928, 4614)
A(0, 0) =  1.0
H(0, 0) =  254.84424875090966
(8928, 4614) (8928, 4614) (8928,)
num relin rows =  1360
  (0, 0)	1.0
  (0, 1)	0.0
  (0, 2)	0.0
  (0, 3)	0.0
  (0, 4)	0.0
  (0, 5)	0.0 0.0
(8928, 4614) (8928, 4614)
cp2
A(0, 0) =  1.0
H(0, 0) =  254.84424875090966
cp3
A(0, 0) =  1.0
H(0, 0) =  254.84424875090966
(8928, 4614) (8928, 4614)
cp4
A(0, 0) =  1.0
H(0, 0) =  254.84424875090966
cp5
A(0, 0) =  1.0
H(0, 0) =  254.84424875090966
(8928, 4614) (8928, 1) (8928, 4614) (8928, 1) (4614, 4614)
(4614, 1)
cg iter = 27
chi2 = 0.16166689651202928


cp1
(8928, 4614) (8928, 4614)
A(0, 0) =  1.0
H(0, 0) =  254.869798271141
(8928, 4614) (8928, 4614) (8928,)
num relin rows =  1051
  (0, 0)	1.0
  (0, 1)	0.0
  (0, 2)	0.0
  (0, 3)	0.0
  (0, 4)	0.0
  (0, 5)	0.0 0.0
(8928, 4614) (8928, 4614)
cp2
A(0, 0) =  1.0
H(0, 0) =  254.869798271141
cp3
A(0, 0) =  1.0
H(0, 0) =  254.869798271141
(8928, 4614) (8928, 4614)
cp4
A(0, 0) =  1.0
H(0, 0) =  254.869798271141
cp5
A(0, 0) =  1.0
H(0, 0) =  254.869798271141
(8928, 4614) (8928, 1) (8928, 4614) (8928, 1) (4614, 4614)
(4614, 1)
cg iter = 26
chi2 = 0.16151245574866124


Done setting up problem
step = 768
cp1
(8928, 4614) (8928, 4614)
A(0, 0) =  1.0
H(0, 0) =  254.89804083149113
(8928, 4614) (8928, 4614) (8382,)
num relin rows =  915
 0.0009610050131136499
(8928, 4614) (8928, 4614)
cp2
A(0, 0) =  1.0
H(0, 0) =  254.89804083149113
cp3
A(0, 0) =  1.0
H(0, 0) =  254.89804083149113
(8928, 4614) (8928, 4614)
cp4
A(0, 0) =  1.0
H(0, 0) =  254.89804083149113
cp5
A(0, 0) =  1.0
H(0, 0) =  254.89804083149113
(8928, 4614) (8928, 1) (8928, 4614) (8928, 1) (4614, 4614)
(4614, 1)
cg iter = 26
chi2 = 0.1614239006837816


cp1
(8928, 4614) (8928, 4614)
A(0, 0) =  1.0
H(0, 0) =  254.89804083149113
(8928, 4614) (8928, 4614) (8136,)
num relin rows =  782
 0.002460831692102488
(8928, 4614) (8928, 4614)
cp2
A(0, 0) =  1.0
H(0, 0) =  254.89804083149113
cp3
A(0, 0) =  1.0
H(0, 0) =  254.89804083149113
(8928, 4614) (8928, 4614)
cp4
A(0, 0) =  1.0
H(0, 0) =  254.89804083149113
cp5
A(0, 0) =  1.0
H(0, 0) =  254.89804083149113
(8928, 4614) (8928, 1) (8928, 4614) (8928, 1) (4614, 4614)
(4614, 1)
cg iter = 26
chi2 = 0.16137235994381674


cp1
(8928, 4614) (8928, 4614)
A(0, 0) =  1.0
H(0, 0) =  254.89804083149113
(8928, 4614) (8928, 4614) (8640,)
num relin rows =  721
 0.001343950840890784
(8928, 4614) (8928, 4614)
cp2
A(0, 0) =  1.0
H(0, 0) =  254.89804083149113
cp3
A(0, 0) =  1.0
H(0, 0) =  254.89804083149113
(8928, 4614) (8928, 4614)
cp4
A(0, 0) =  1.0
H(0, 0) =  254.89804083149113
cp5
A(0, 0) =  1.0
H(0, 0) =  254.89804083149113
(8928, 4614) (8928, 1) (8928, 4614) (8928, 1) (4614, 4614)
(4614, 1)
cg iter = 26
chi2 = 0.16132502813599853


cp1
(8928, 4614) (8928, 4614)
A(0, 0) =  1.0
H(0, 0) =  254.89804083149113
(8928, 4614) (8928, 4614) (8280,)
num relin rows =  678
 0.0031592157102720494
(8928, 4614) (8928, 4614)
cp2
A(0, 0) =  1.0
H(0, 0) =  254.89804083149113
cp3
A(0, 0) =  1.0
H(0, 0) =  254.89804083149113
(8928, 4614) (8928, 4614)
cp4
A(0, 0) =  1.0
H(0, 0) =  254.89804083149113
cp5
A(0, 0) =  1.0
H(0, 0) =  254.89804083149113
(8928, 4614) (8928, 1) (8928, 4614) (8928, 1) (4614, 4614)
(4614, 1)
cg iter = 25
chi2 = 0.16130725776213994


cp1
(8928, 4614) (8928, 4614)
A(0, 0) =  1.0
H(0, 0) =  254.89804083149113
(8928, 4614) (8928, 4614) (8436,)
num relin rows =  645
 0.001880586638963077
(8928, 4614) (8928, 4614)
cp2
A(0, 0) =  1.0
H(0, 0) =  254.89804083149113
cp3
A(0, 0) =  1.0
H(0, 0) =  254.89804083149113
(8928, 4614) (8928, 4614)
cp4
A(0, 0) =  1.0
H(0, 0) =  254.89804083149113
cp5
A(0, 0) =  1.0
H(0, 0) =  254.89804083149113
(8928, 4614) (8928, 1) (8928, 4614) (8928, 1) (4614, 4614)
(4614, 1)
cg iter = 25
chi2 = 0.16127625452169791


cp1
(8928, 4614) (8928, 4614)
A(0, 0) =  1.0
H(0, 0) =  254.89804083149113
(8928, 4614) (8928, 4614) (8232,)
num relin rows =  618
 0.00340054712286246
(8928, 4614) (8928, 4614)
cp2
A(0, 0) =  1.0
H(0, 0) =  254.89804083149113
cp3
A(0, 0) =  1.0
H(0, 0) =  254.89804083149113
(8928, 4614) (8928, 4614)
cp4
A(0, 0) =  1.0
H(0, 0) =  254.89804083149113
cp5
A(0, 0) =  1.0
H(0, 0) =  254.89804083149113
(8928, 4614) (8928, 1) (8928, 4614) (8928, 1) (4614, 4614)
(4614, 1)
cg iter = 25
chi2 = 0.16127286952848469


cp1
(8928, 4614) (8928, 4614)
A(0, 0) =  1.0
H(0, 0) =  254.89804083149113
(8928, 4614) (8928, 4614) (8436,)
num relin rows =  601
 0.002923365386323651
(8928, 4614) (8928, 4614)
cp2
A(0, 0) =  1.0
H(0, 0) =  254.89804083149113
cp3
A(0, 0) =  1.0
H(0, 0) =  254.89804083149113
(8928, 4614) (8928, 4614)
cp4
A(0, 0) =  1.0
H(0, 0) =  254.89804083149113
cp5
A(0, 0) =  1.0
H(0, 0) =  254.89804083149113
(8928, 4614) (8928, 1) (8928, 4614) (8928, 1) (4614, 4614)
(4614, 1)
cg iter = 25
chi2 = 0.16125350154035156


step = 769
cp1
(8928, 4614) (8928, 4614)
A(0, 0) =  1.0
H(0, 0) =  254.89804083149113
(8928, 4614) (8928, 4614) (8298,)
num relin rows =  599
 0.002710167757298598
(8928, 4614) (8928, 4614)
cp2
A(0, 0) =  1.0
H(0, 0) =  254.89804083149113
cp3
A(0, 0) =  1.0
H(0, 0) =  254.89804083149113
(8940, 4620) (8928, 4614)
cp4
A(0, 0) =  1.0
H(0, 0) =  254.89804083149113
cp5
A(0, 0) =  1.0
H(0, 0) =  254.89804083149113
(8940, 4620) (8940, 1) (8940, 4620) (8940, 1) (4620, 4620)
(4620, 1)
cg iter = 25
chi2 = 0.16185926153106647


cp1
(8940, 4620) (8940, 4620)
A(0, 0) =  1.0
H(0, 0) =  254.89804083149113
(8940, 4620) (8940, 4620) (8538,)
num relin rows =  703
 0.003681247611044866
(8940, 4620) (8940, 4620)
cp2
A(0, 0) =  1.0
H(0, 0) =  254.89804083149113
cp3
A(0, 0) =  1.0
H(0, 0) =  254.89804083149113
(8940, 4620) (8940, 4620)
cp4
A(0, 0) =  1.0
H(0, 0) =  254.89804083149113
cp5
A(0, 0) =  1.0
H(0, 0) =  254.89804083149113
(8940, 4620) (8940, 1) (8940, 4620) (8940, 1) (4620, 4620)
(4620, 1)
cg iter = 25
chi2 = 0.16170842243378317


cp1
(8940, 4620) (8940, 4620)
A(0, 0) =  1.0
H(0, 0) =  254.89804083149113
(8940, 4620) (8940, 4620) (8724,)
num relin rows =  660
 0.007755915714265593
(8940, 4620) (8940, 4620)
cp2
A(0, 0) =  1.0
H(0, 0) =  254.89804083149113
cp3
A(0, 0) =  1.0
H(0, 0) =  254.89804083149113
(8940, 4620) (8940, 4620)
cp4
A(0, 0) =  1.0
H(0, 0) =  254.89804083149113
cp5
A(0, 0) =  1.0
H(0, 0) =  254.89804083149113
(8940, 4620) (8940, 1) (8940, 4620) (8940, 1) (4620, 4620)
(4620, 1)
cg iter = 25
chi2 = 0.16166920226672585


cp1
(8940, 4620) (8940, 4620)
A(0, 0) =  1.0
H(0, 0) =  254.89804083149113
(8940, 4620) (8940, 4620) (8718,)
num relin rows =  639
 0.004351986539786773
(8940, 4620) (8940, 4620)
cp2
A(0, 0) =  1.0
H(0, 0) =  254.89804083149113
cp3
A(0, 0) =  1.0
H(0, 0) =  254.89804083149113
(8940, 4620) (8940, 4620)
cp4
A(0, 0) =  1.0
H(0, 0) =  254.89804083149113
cp5
A(0, 0) =  1.0
H(0, 0) =  254.89804083149113
(8940, 4620) (8940, 1) (8940, 4620) (8940, 1) (4620, 4620)
(4620, 1)
cg iter = 25
chi2 = 0.16166523271812427


cp1
(8940, 4620) (8940, 4620)
A(0, 0) =  1.0
H(0, 0) =  254.89804083149113
(8940, 4620) (8940, 4620) (8784,)
num relin rows =  631
 0.004452483206361893
(8940, 4620) (8940, 4620)
cp2
A(0, 0) =  1.0
H(0, 0) =  254.89804083149113
cp3
A(0, 0) =  1.0
H(0, 0) =  254.89804083149113
(8940, 4620) (8940, 4620)
cp4
A(0, 0) =  1.0
H(0, 0) =  254.89804083149113
cp5
A(0, 0) =  1.0
H(0, 0) =  254.89804083149113
(8940, 4620) (8940, 1) (8940, 4620) (8940, 1) (4620, 4620)
(4620, 1)
cg iter = 24
chi2 = 0.1616808650144044


cp1
(8940, 4620) (8940, 4620)
A(0, 0) =  1.0
H(0, 0) =  254.89804083149113
(8940, 4620) (8940, 4620) (8646,)
num relin rows =  641
 0.0035630221677759727
(8940, 4620) (8940, 4620)
cp2
A(0, 0) =  1.0
H(0, 0) =  254.89804083149113
cp3
A(0, 0) =  1.0
H(0, 0) =  254.89804083149113
(8940, 4620) (8940, 4620)
cp4
A(0, 0) =  1.0
H(0, 0) =  254.89804083149113
cp5
A(0, 0) =  1.0
H(0, 0) =  254.89804083149113
(8940, 4620) (8940, 1) (8940, 4620) (8940, 1) (4620, 4620)
(4620, 1)
cg iter = 24
chi2 = 0.1617088210150891


cp1
(8940, 4620) (8940, 4620)
A(0, 0) =  1.0
H(0, 0) =  254.89804083149113
(8940, 4620) (8940, 4620) (8736,)
num relin rows =  656
 0.0042797745446283685
(8940, 4620) (8940, 4620)
cp2
A(0, 0) =  1.0
H(0, 0) =  254.89804083149113
cp3
A(0, 0) =  1.0
H(0, 0) =  254.89804083149113
(8940, 4620) (8940, 4620)
cp4
A(0, 0) =  1.0
H(0, 0) =  254.89804083149113
cp5
A(0, 0) =  1.0
H(0, 0) =  254.89804083149113
(8940, 4620) (8940, 1) (8940, 4620) (8940, 1) (4620, 4620)
(4620, 1)
cg iter = 24
chi2 = 0.16172562278161118


step = 770
cp1
(8940, 4620) (8940, 4620)
A(0, 0) =  1.0
H(0, 0) =  254.89804083149113
(8940, 4620) (8940, 4620) (8496,)
num relin rows =  682
 0.002539909599853847
(8940, 4620) (8940, 4620)
cp2
A(0, 0) =  1.0
H(0, 0) =  254.89804083149113
cp3
A(0, 0) =  1.0
H(0, 0) =  254.89804083149113
(8952, 4626) (8940, 4620)
cp4
A(0, 0) =  1.0
H(0, 0) =  254.89804083149113
cp5
A(0, 0) =  1.0
H(0, 0) =  254.89804083149113
(8952, 4626) (8952, 1) (8952, 4626) (8952, 1) (4626, 4626)
(4626, 1)
cg iter = 24
chi2 = 0.16157538960238968


cp1
(8952, 4626) (8952, 4626)
A(0, 0) =  1.0
H(0, 0) =  254.89804083149113
(8952, 4626) (8952, 4626) (8700,)
num relin rows =  719
 0.003298139177422832
(8952, 4626) (8952, 4626)
cp2
A(0, 0) =  1.0
H(0, 0) =  254.89804083149113
cp3
A(0, 0) =  1.0
H(0, 0) =  254.89804083149113
(8952, 4626) (8952, 4626)
cp4
A(0, 0) =  1.0
H(0, 0) =  254.89804083149113
cp5
A(0, 0) =  1.0
H(0, 0) =  254.89804083149113
(8952, 4626) (8952, 1) (8952, 4626) (8952, 1) (4626, 4626)
(4626, 1)
cg iter = 24
chi2 = 0.16159036323317055


cp1
(8952, 4626) (8952, 4626)
A(0, 0) =  1.0
H(0, 0) =  254.89804083149113
(8952, 4626) (8952, 4626) (8448,)
num relin rows =  742
 0.003261007533879978
(8952, 4626) (8952, 4626)
cp2
A(0, 0) =  1.0
H(0, 0) =  254.89804083149113
cp3
A(0, 0) =  1.0
H(0, 0) =  254.89804083149113
(8952, 4626) (8952, 4626)
cp4
A(0, 0) =  1.0
H(0, 0) =  254.89804083149113
cp5
A(0, 0) =  1.0
H(0, 0) =  254.89804083149113
(8952, 4626) (8952, 1) (8952, 4626) (8952, 1) (4626, 4626)
(4626, 1)
cg iter = 24
chi2 = 0.1616654617606661


cp1
(8952, 4626) (8952, 4626)
A(0, 0) =  1.0
H(0, 0) =  254.89804083149113
(8952, 4626) (8952, 4626) (8688,)
num relin rows =  764
 0.0035497284689172126
(8952, 4626) (8952, 4626)
cp2
A(0, 0) =  1.0
H(0, 0) =  254.89804083149113
cp3
A(0, 0) =  1.0
H(0, 0) =  254.89804083149113
(8952, 4626) (8952, 4626)
cp4
A(0, 0) =  1.0
H(0, 0) =  254.89804083149113
cp5
A(0, 0) =  1.0
H(0, 0) =  254.89804083149113
(8952, 4626) (8952, 1) (8952, 4626) (8952, 1) (4626, 4626)
(4626, 1)
cg iter = 24
chi2 = 0.1616696391182443


cp1
(8952, 4626) (8952, 4626)
A(0, 0) =  1.0
H(0, 0) =  254.89804083149113
(8952, 4626) (8952, 4626) (8532,)
num relin rows =  780
 0.0018383343248861359
(8952, 4626) (8952, 4626)
cp2
A(0, 0) =  1.0
H(0, 0) =  254.89804083149113
cp3
A(0, 0) =  1.0
H(0, 0) =  254.89804083149113
(8952, 4626) (8952, 4626)
cp4
A(0, 0) =  1.0
H(0, 0) =  254.89804083149113
cp5
A(0, 0) =  1.0
H(0, 0) =  254.89804083149113
(8952, 4626) (8952, 1) (8952, 4626) (8952, 1) (4626, 4626)
(4626, 1)
cg iter = 24
chi2 = 0.16176461665113406


cp1
(8952, 4626) (8952, 4626)
A(0, 0) =  1.0
H(0, 0) =  254.89804083149113
(8952, 4626) (8952, 4626) (8568,)
num relin rows =  789
 0.0031756334672306125
(8952, 4626) (8952, 4626)
cp2
A(0, 0) =  1.0
H(0, 0) =  254.89804083149113
cp3
A(0, 0) =  1.0
H(0, 0) =  254.89804083149113
(8952, 4626) (8952, 4626)
cp4
A(0, 0) =  1.0
H(0, 0) =  254.89804083149113
cp5
A(0, 0) =  1.0
H(0, 0) =  254.89804083149113
(8952, 4626) (8952, 1) (8952, 4626) (8952, 1) (4626, 4626)
(4626, 1)
cg iter = 23
chi2 = 0.16175138931896763


cp1
(8952, 4626) (8952, 4626)
A(0, 0) =  1.0
H(0, 0) =  254.89804083149113
(8952, 4626) (8952, 4626) (8592,)
num relin rows =  801
 0.00173902907487751
(8952, 4626) (8952, 4626)
cp2
A(0, 0) =  1.0
H(0, 0) =  254.89804083149113
cp3
A(0, 0) =  1.0
H(0, 0) =  254.89804083149113
(8952, 4626) (8952, 4626)
cp4
A(0, 0) =  1.0
H(0, 0) =  254.89804083149113
cp5
A(0, 0) =  1.0
H(0, 0) =  254.89804083149113
(8952, 4626) (8952, 1) (8952, 4626) (8952, 1) (4626, 4626)
(4626, 1)
cg iter = 24
chi2 = 0.16186671223590762


Press key


Set up at step = 996
cp1
(8952, 4626) (8952, 4626)
A(0, 0) =  1.0
H(0, 0) =  254.89804083149113
(8952, 4626) (8952, 4626) (8952,)
num relin rows =  809
  (0, 0)	1.0
  (0, 1)	0.0
  (0, 2)	0.0
  (0, 3)	0.0
  (0, 4)	0.0
  (0, 5)	0.0 0.0
(8952, 4626) (8952, 4626)
cp2
A(0, 0) =  1.0
H(0, 0) =  254.89804083149113
cp3
A(0, 0) =  1.0
H(0, 0) =  254.89804083149113
(11664, 5982) (8952, 4626)
cp4
A(0, 0) =  1.0
H(0, 0) =  254.89804083149113
cp5
A(0, 0) =  1.0
H(0, 0) =  254.89804083149113
(11664, 5982) (11664, 1) (11664, 5982) (11664, 1) (5982, 5982)
(5982, 1)
cg iter = 21
chi2 = 36.881689174475795


cp1
(11664, 5982) (11664, 5982)
A(0, 0) =  1.0
H(0, 0) =  254.80861947265612
(11664, 5982) (11664, 5982) (11664,)
num relin rows =  4828
  (0, 0)	1.0
  (0, 1)	0.0
  (0, 2)	0.0
  (0, 3)	0.0
  (0, 4)	0.0
  (0, 5)	0.0 0.0
(11664, 5982) (11664, 5982)
cp2
A(0, 0) =  1.0
H(0, 0) =  254.80861947265612
cp3
A(0, 0) =  1.0
H(0, 0) =  254.80861947265612
(11664, 5982) (11664, 5982)
cp4
A(0, 0) =  1.0
H(0, 0) =  254.80861947265612
cp5
A(0, 0) =  1.0
H(0, 0) =  254.80861947265612
(11664, 5982) (11664, 1) (11664, 5982) (11664, 1) (5982, 5982)
(5982, 1)
cg iter = 25
chi2 = 0.4470348296506324


cp1
(11664, 5982) (11664, 5982)
A(0, 0) =  1.0
H(0, 0) =  254.65638371182817
(11664, 5982) (11664, 5982) (11664,)
num relin rows =  4891
  (0, 0)	1.0
  (0, 1)	0.0
  (0, 2)	0.0
  (0, 3)	0.0
  (0, 4)	0.0
  (0, 5)	0.0 0.0
(11664, 5982) (11664, 5982)
cp2
A(0, 0) =  1.0
H(0, 0) =  254.65638371182817
cp3
A(0, 0) =  1.0
H(0, 0) =  254.65638371182817
(11664, 5982) (11664, 5982)
cp4
A(0, 0) =  1.0
H(0, 0) =  254.65638371182817
cp5
A(0, 0) =  1.0
H(0, 0) =  254.65638371182817
(11664, 5982) (11664, 1) (11664, 5982) (11664, 1) (5982, 5982)
(5982, 1)
cg iter = 24
chi2 = 0.1722937741087312


cp1
(11664, 5982) (11664, 5982)
A(0, 0) =  1.0
H(0, 0) =  254.6766645859036
(11664, 5982) (11664, 5982) (11664,)
num relin rows =  4245
  (0, 0)	1.0
  (0, 1)	0.0
  (0, 2)	0.0
  (0, 3)	0.0
  (0, 4)	0.0
  (0, 5)	0.0 0.0
(11664, 5982) (11664, 5982)
cp2
A(0, 0) =  1.0
H(0, 0) =  254.6766645859036
cp3
A(0, 0) =  1.0
H(0, 0) =  254.6766645859036
(11664, 5982) (11664, 5982)
cp4
A(0, 0) =  1.0
H(0, 0) =  254.6766645859036
cp5
A(0, 0) =  1.0
H(0, 0) =  254.6766645859036
(11664, 5982) (11664, 1) (11664, 5982) (11664, 1) (5982, 5982)
(5982, 1)
cg iter = 25
chi2 = 0.15387118122589122


cp1
(11664, 5982) (11664, 5982)
A(0, 0) =  1.0
H(0, 0) =  254.64865025448108
(11664, 5982) (11664, 5982) (11664,)
num relin rows =  2742
  (0, 0)	1.0
  (0, 1)	0.0
  (0, 2)	0.0
  (0, 3)	0.0
  (0, 4)	0.0
  (0, 5)	0.0 0.0
(11664, 5982) (11664, 5982)
cp2
A(0, 0) =  1.0
H(0, 0) =  254.64865025448108
cp3
A(0, 0) =  1.0
H(0, 0) =  254.64865025448108
(11664, 5982) (11664, 5982)
cp4
A(0, 0) =  1.0
H(0, 0) =  254.64865025448108
cp5
A(0, 0) =  1.0
H(0, 0) =  254.64865025448108
(11664, 5982) (11664, 1) (11664, 5982) (11664, 1) (5982, 5982)
(5982, 1)
cg iter = 24
chi2 = 0.15316878959191707


cp1
(11664, 5982) (11664, 5982)
A(0, 0) =  1.0
H(0, 0) =  254.78310095502917
(11664, 5982) (11664, 5982) (11664,)
num relin rows =  1859
  (0, 0)	1.0
  (0, 1)	0.0
  (0, 2)	0.0
  (0, 3)	0.0
  (0, 4)	0.0
  (0, 5)	0.0 0.0
(11664, 5982) (11664, 5982)
cp2
A(0, 0) =  1.0
H(0, 0) =  254.78310095502917
cp3
A(0, 0) =  1.0
H(0, 0) =  254.78310095502917
(11664, 5982) (11664, 5982)
cp4
A(0, 0) =  1.0
H(0, 0) =  254.78310095502917
cp5
A(0, 0) =  1.0
H(0, 0) =  254.78310095502917
(11664, 5982) (11664, 1) (11664, 5982) (11664, 1) (5982, 5982)
(5982, 1)
cg iter = 31
chi2 = 0.15314492458178183


cp1
(11664, 5982) (11664, 5982)
A(0, 0) =  1.0
H(0, 0) =  254.75459122219942
(11664, 5982) (11664, 5982) (11664,)
num relin rows =  1459
  (0, 0)	1.0
  (0, 1)	0.0
  (0, 2)	0.0
  (0, 3)	0.0
  (0, 4)	0.0
  (0, 5)	0.0 0.0
(11664, 5982) (11664, 5982)
cp2
A(0, 0) =  1.0
H(0, 0) =  254.75459122219942
cp3
A(0, 0) =  1.0
H(0, 0) =  254.75459122219942
(11664, 5982) (11664, 5982)
cp4
A(0, 0) =  1.0
H(0, 0) =  254.75459122219942
cp5
A(0, 0) =  1.0
H(0, 0) =  254.75459122219942
(11664, 5982) (11664, 1) (11664, 5982) (11664, 1) (5982, 5982)
(5982, 1)
cg iter = 25
chi2 = 0.1530438836452737


Done setting up problem
step = 996
cp1
(11664, 5982) (11664, 5982)
A(0, 0) =  1.0
H(0, 0) =  254.81987064341848
(11664, 5982) (11664, 5982) (11604,)
num relin rows =  1199
 0.003207447577021635
(11664, 5982) (11664, 5982)
cp2
A(0, 0) =  1.0
H(0, 0) =  254.81987064341848
cp3
A(0, 0) =  1.0
H(0, 0) =  254.81987064341848
(11664, 5982) (11664, 5982)
cp4
A(0, 0) =  1.0
H(0, 0) =  254.81987064341848
cp5
A(0, 0) =  1.0
H(0, 0) =  254.81987064341848
(11664, 5982) (11664, 1) (11664, 5982) (11664, 1) (5982, 5982)
(5982, 1)
cg iter = 28
chi2 = 0.1530818624633607


cp1
(11664, 5982) (11664, 5982)
A(0, 0) =  1.0
H(0, 0) =  254.81987064341848
(11664, 5982) (11664, 5982) (11472,)
num relin rows =  1048
 0.0012765700752549996
(11664, 5982) (11664, 5982)
cp2
A(0, 0) =  1.0
H(0, 0) =  254.81987064341848
cp3
A(0, 0) =  1.0
H(0, 0) =  254.81987064341848
(11664, 5982) (11664, 5982)
cp4
A(0, 0) =  1.0
H(0, 0) =  254.81987064341848
cp5
A(0, 0) =  1.0
H(0, 0) =  254.81987064341848
(11664, 5982) (11664, 1) (11664, 5982) (11664, 1) (5982, 5982)
(5982, 1)
cg iter = 24
chi2 = 0.1530138025862841


cp1
(11664, 5982) (11664, 5982)
A(0, 0) =  1.0
H(0, 0) =  254.81987064341848
(11664, 5982) (11664, 5982) (11514,)
num relin rows =  929
 0.0031743443919290404
(11664, 5982) (11664, 5982)
cp2
A(0, 0) =  1.0
H(0, 0) =  254.81987064341848
cp3
A(0, 0) =  1.0
H(0, 0) =  254.81987064341848
(11664, 5982) (11664, 5982)
cp4
A(0, 0) =  1.0
H(0, 0) =  254.81987064341848
cp5
A(0, 0) =  1.0
H(0, 0) =  254.81987064341848
(11664, 5982) (11664, 1) (11664, 5982) (11664, 1) (5982, 5982)
(5982, 1)
cg iter = 26
chi2 = 0.15305752440812032


cp1
(11664, 5982) (11664, 5982)
A(0, 0) =  1.0
H(0, 0) =  254.81987064341848
(11664, 5982) (11664, 5982) (11472,)
num relin rows =  884
 0.0018004530233217938
(11664, 5982) (11664, 5982)
cp2
A(0, 0) =  1.0
H(0, 0) =  254.81987064341848
cp3
A(0, 0) =  1.0
H(0, 0) =  254.81987064341848
(11664, 5982) (11664, 5982)
cp4
A(0, 0) =  1.0
H(0, 0) =  254.81987064341848
cp5
A(0, 0) =  1.0
H(0, 0) =  254.81987064341848
(11664, 5982) (11664, 1) (11664, 5982) (11664, 1) (5982, 5982)
(5982, 1)
cg iter = 26
chi2 = 0.15300036730289804


cp1
(11664, 5982) (11664, 5982)
A(0, 0) =  1.0
H(0, 0) =  254.81987064341848
(11664, 5982) (11664, 5982) (11502,)
num relin rows =  854
 0.0027878697303792555
(11664, 5982) (11664, 5982)
cp2
A(0, 0) =  1.0
H(0, 0) =  254.81987064341848
cp3
A(0, 0) =  1.0
H(0, 0) =  254.81987064341848
(11664, 5982) (11664, 5982)
cp4
A(0, 0) =  1.0
H(0, 0) =  254.81987064341848
cp5
A(0, 0) =  1.0
H(0, 0) =  254.81987064341848
(11664, 5982) (11664, 1) (11664, 5982) (11664, 1) (5982, 5982)
(5982, 1)
cg iter = 26
chi2 = 0.15304536683246797


cp1
(11664, 5982) (11664, 5982)
A(0, 0) =  1.0
H(0, 0) =  254.81987064341848
(11664, 5982) (11664, 5982) (11478,)
num relin rows =  819
 0.0019226823127449916
(11664, 5982) (11664, 5982)
cp2
A(0, 0) =  1.0
H(0, 0) =  254.81987064341848
cp3
A(0, 0) =  1.0
H(0, 0) =  254.81987064341848
(11664, 5982) (11664, 5982)
cp4
A(0, 0) =  1.0
H(0, 0) =  254.81987064341848
cp5
A(0, 0) =  1.0
H(0, 0) =  254.81987064341848
(11664, 5982) (11664, 1) (11664, 5982) (11664, 1) (5982, 5982)
(5982, 1)
cg iter = 26
chi2 = 0.15299324538196485


cp1
(11664, 5982) (11664, 5982)
A(0, 0) =  1.0
H(0, 0) =  254.81987064341848
(11664, 5982) (11664, 5982) (11478,)
num relin rows =  794
 0.0023228021361417495
(11664, 5982) (11664, 5982)
cp2
A(0, 0) =  1.0
H(0, 0) =  254.81987064341848
cp3
A(0, 0) =  1.0
H(0, 0) =  254.81987064341848
(11664, 5982) (11664, 5982)
cp4
A(0, 0) =  1.0
H(0, 0) =  254.81987064341848
cp5
A(0, 0) =  1.0
H(0, 0) =  254.81987064341848
(11664, 5982) (11664, 1) (11664, 5982) (11664, 1) (5982, 5982)
(5982, 1)
cg iter = 25
chi2 = 0.15304003813287193


step = 997
cp1
(11664, 5982) (11664, 5982)
A(0, 0) =  1.0
H(0, 0) =  254.81987064341848
(11664, 5982) (11664, 5982) (11472,)
num relin rows =  777
 0.0019851216730547203
(11664, 5982) (11664, 5982)
cp2
A(0, 0) =  1.0
H(0, 0) =  254.81987064341848
cp3
A(0, 0) =  1.0
H(0, 0) =  254.81987064341848
(11676, 5988) (11664, 5982)
cp4
A(0, 0) =  1.0
H(0, 0) =  254.81987064341848
cp5
A(0, 0) =  1.0
H(0, 0) =  254.81987064341848
(11676, 5988) (11676, 1) (11676, 5988) (11676, 1) (5988, 5988)
(5988, 1)
cg iter = 22
chi2 = 0.1528672007925472


cp1
(11676, 5988) (11676, 5988)
A(0, 0) =  1.0
H(0, 0) =  254.81987064341848
(11676, 5988) (11676, 5988) (11502,)
num relin rows =  782
 0.003246763498499672
(11676, 5988) (11676, 5988)
cp2
A(0, 0) =  1.0
H(0, 0) =  254.81987064341848
cp3
A(0, 0) =  1.0
H(0, 0) =  254.81987064341848
(11676, 5988) (11676, 5988)
cp4
A(0, 0) =  1.0
H(0, 0) =  254.81987064341848
cp5
A(0, 0) =  1.0
H(0, 0) =  254.81987064341848
(11676, 5988) (11676, 1) (11676, 5988) (11676, 1) (5988, 5988)
(5988, 1)
cg iter = 25
chi2 = 0.15291319751151217


cp1
(11676, 5988) (11676, 5988)
A(0, 0) =  1.0
H(0, 0) =  254.81987064341848
(11676, 5988) (11676, 5988) (11484,)
num relin rows =  735
 0.0019697910983164763
(11676, 5988) (11676, 5988)
cp2
A(0, 0) =  1.0
H(0, 0) =  254.81987064341848
cp3
A(0, 0) =  1.0
H(0, 0) =  254.81987064341848
(11676, 5988) (11676, 5988)
cp4
A(0, 0) =  1.0
H(0, 0) =  254.81987064341848
cp5
A(0, 0) =  1.0
H(0, 0) =  254.81987064341848
(11676, 5988) (11676, 1) (11676, 5988) (11676, 1) (5988, 5988)
(5988, 1)
cg iter = 25
chi2 = 0.15286368814146611


cp1
(11676, 5988) (11676, 5988)
A(0, 0) =  1.0
H(0, 0) =  254.81987064341848
(11676, 5988) (11676, 5988) (11484,)
num relin rows =  724
 0.001747147990107774
(11676, 5988) (11676, 5988)
cp2
A(0, 0) =  1.0
H(0, 0) =  254.81987064341848
cp3
A(0, 0) =  1.0
H(0, 0) =  254.81987064341848
(11676, 5988) (11676, 5988)
cp4
A(0, 0) =  1.0
H(0, 0) =  254.81987064341848
cp5
A(0, 0) =  1.0
H(0, 0) =  254.81987064341848
(11676, 5988) (11676, 1) (11676, 5988) (11676, 1) (5988, 5988)
(5988, 1)
cg iter = 25
chi2 = 0.1529141415479854


cp1
(11676, 5988) (11676, 5988)
A(0, 0) =  1.0
H(0, 0) =  254.81987064341848
(11676, 5988) (11676, 5988) (11484,)
num relin rows =  702
 0.0017835352746275357
(11676, 5988) (11676, 5988)
cp2
A(0, 0) =  1.0
H(0, 0) =  254.81987064341848
cp3
A(0, 0) =  1.0
H(0, 0) =  254.81987064341848
(11676, 5988) (11676, 5988)
cp4
A(0, 0) =  1.0
H(0, 0) =  254.81987064341848
cp5
A(0, 0) =  1.0
H(0, 0) =  254.81987064341848
(11676, 5988) (11676, 1) (11676, 5988) (11676, 1) (5988, 5988)
(5988, 1)
cg iter = 24
chi2 = 0.15286487517144653


cp1
(11676, 5988) (11676, 5988)
A(0, 0) =  1.0
H(0, 0) =  254.81987064341848
(11676, 5988) (11676, 5988) (11484,)
num relin rows =  689
 0.0016920599561910618
(11676, 5988) (11676, 5988)
cp2
A(0, 0) =  1.0
H(0, 0) =  254.81987064341848
cp3
A(0, 0) =  1.0
H(0, 0) =  254.81987064341848
(11676, 5988) (11676, 5988)
cp4
A(0, 0) =  1.0
H(0, 0) =  254.81987064341848
cp5
A(0, 0) =  1.0
H(0, 0) =  254.81987064341848
(11676, 5988) (11676, 1) (11676, 5988) (11676, 1) (5988, 5988)
(5988, 1)
cg iter = 25
chi2 = 0.15291703656352756


cp1
(11676, 5988) (11676, 5988)
A(0, 0) =  1.0
H(0, 0) =  254.81987064341848
(11676, 5988) (11676, 5988) (11484,)
num relin rows =  687
 0.0016812995910371002
(11676, 5988) (11676, 5988)
cp2
A(0, 0) =  1.0
H(0, 0) =  254.81987064341848
cp3
A(0, 0) =  1.0
H(0, 0) =  254.81987064341848
(11676, 5988) (11676, 5988)
cp4
A(0, 0) =  1.0
H(0, 0) =  254.81987064341848
cp5
A(0, 0) =  1.0
H(0, 0) =  254.81987064341848
(11676, 5988) (11676, 1) (11676, 5988) (11676, 1) (5988, 5988)
(5988, 1)
cg iter = 24
chi2 = 0.15286766173579827


step = 998
cp1
(11676, 5988) (11676, 5988)
A(0, 0) =  1.0
H(0, 0) =  254.81987064341848
(11676, 5988) (11676, 5988) (11484,)
num relin rows =  687
 0.0017907450373263268
(11676, 5988) (11676, 5988)
cp2
A(0, 0) =  1.0
H(0, 0) =  254.81987064341848
cp3
A(0, 0) =  1.0
H(0, 0) =  254.81987064341848
(11688, 5994) (11676, 5988)
cp4
A(0, 0) =  1.0
H(0, 0) =  254.81987064341848
cp5
A(0, 0) =  1.0
H(0, 0) =  254.81987064341848
(11688, 5994) (11688, 1) (11688, 5994) (11688, 1) (5994, 5994)
(5994, 1)
cg iter = 25
chi2 = 0.15290027819867608


cp1
(11688, 5994) (11688, 5994)
A(0, 0) =  1.0
H(0, 0) =  254.81987064341848
(11688, 5994) (11688, 5994) (11496,)
num relin rows =  741
 0.0027287342023329525
(11688, 5994) (11688, 5994)
cp2
A(0, 0) =  1.0
H(0, 0) =  254.81987064341848
cp3
A(0, 0) =  1.0
H(0, 0) =  254.81987064341848
(11688, 5994) (11688, 5994)
cp4
A(0, 0) =  1.0
H(0, 0) =  254.81987064341848
cp5
A(0, 0) =  1.0
H(0, 0) =  254.81987064341848
(11688, 5994) (11688, 1) (11688, 5994) (11688, 1) (5994, 5994)
(5994, 1)
cg iter = 24
chi2 = 0.15283254631261348


cp1
(11688, 5994) (11688, 5994)
A(0, 0) =  1.0
H(0, 0) =  254.81987064341848
(11688, 5994) (11688, 5994) (11442,)
num relin rows =  685
 0.00163697833857826
(11688, 5994) (11688, 5994)
cp2
A(0, 0) =  1.0
H(0, 0) =  254.81987064341848
cp3
A(0, 0) =  1.0
H(0, 0) =  254.81987064341848
(11688, 5994) (11688, 5994)
cp4
A(0, 0) =  1.0
H(0, 0) =  254.81987064341848
cp5
A(0, 0) =  1.0
H(0, 0) =  254.81987064341848
(11688, 5994) (11688, 1) (11688, 5994) (11688, 1) (5994, 5994)
(5994, 1)
cg iter = 24
chi2 = 0.15289026185261015


cp1
(11688, 5994) (11688, 5994)
A(0, 0) =  1.0
H(0, 0) =  254.81987064341848
(11688, 5994) (11688, 5994) (11466,)
num relin rows =  683
 0.003969488122031406
(11688, 5994) (11688, 5994)
cp2
A(0, 0) =  1.0
H(0, 0) =  254.81987064341848
cp3
A(0, 0) =  1.0
H(0, 0) =  254.81987064341848
(11688, 5994) (11688, 5994)
cp4
A(0, 0) =  1.0
H(0, 0) =  254.81987064341848
cp5
A(0, 0) =  1.0
H(0, 0) =  254.81987064341848
(11688, 5994) (11688, 1) (11688, 5994) (11688, 1) (5994, 5994)
(5994, 1)
cg iter = 24
chi2 = 0.15284073200784576


cp1
(11688, 5994) (11688, 5994)
A(0, 0) =  1.0
H(0, 0) =  254.81987064341848
(11688, 5994) (11688, 5994) (11442,)
num relin rows =  684
 0.0017661402739439502
(11688, 5994) (11688, 5994)
cp2
A(0, 0) =  1.0
H(0, 0) =  254.81987064341848
cp3
A(0, 0) =  1.0
H(0, 0) =  254.81987064341848
(11688, 5994) (11688, 5994)
cp4
A(0, 0) =  1.0
H(0, 0) =  254.81987064341848
cp5
A(0, 0) =  1.0
H(0, 0) =  254.81987064341848
(11688, 5994) (11688, 1) (11688, 5994) (11688, 1) (5994, 5994)
(5994, 1)
cg iter = 24
chi2 = 0.15290047826389555


cp1
(11688, 5994) (11688, 5994)
A(0, 0) =  1.0
H(0, 0) =  254.81987064341848
(11688, 5994) (11688, 5994) (11442,)
num relin rows =  692
 0.002280070269180992
(11688, 5994) (11688, 5994)
cp2
A(0, 0) =  1.0
H(0, 0) =  254.81987064341848
cp3
A(0, 0) =  1.0
H(0, 0) =  254.81987064341848
(11688, 5994) (11688, 5994)
cp4
A(0, 0) =  1.0
H(0, 0) =  254.81987064341848
cp5
A(0, 0) =  1.0
H(0, 0) =  254.81987064341848
(11688, 5994) (11688, 1) (11688, 5994) (11688, 1) (5994, 5994)
(5994, 1)
cg iter = 24
chi2 = 0.15285020180507045


cp1
(11688, 5994) (11688, 5994)
A(0, 0) =  1.0
H(0, 0) =  254.81987064341848
(11688, 5994) (11688, 5994) (11442,)
num relin rows =  698
 0.0018779576590455677
(11688, 5994) (11688, 5994)
cp2
A(0, 0) =  1.0
H(0, 0) =  254.81987064341848
cp3
A(0, 0) =  1.0
H(0, 0) =  254.81987064341848
(11688, 5994) (11688, 5994)
cp4
A(0, 0) =  1.0
H(0, 0) =  254.81987064341848
cp5
A(0, 0) =  1.0
H(0, 0) =  254.81987064341848
(11688, 5994) (11688, 1) (11688, 5994) (11688, 1) (5994, 5994)
(5994, 1)
cg iter = 24
chi2 = 0.1529119637872633


Press key


