/home/ubuntu/.local/lib/python3.8/site-packages/scipy/sparse/_index.py:137: SparseEfficiencyWarning: Changing the sparsity structure of a csr_matrix is expensive. lil_matrix is more efficient.
  self._set_arrayXarray_sparse(i, j, x)
/home/ubuntu/.local/lib/python3.8/site-packages/scipy/sparse/linalg/_dsolve/linsolve.py:640: SparseEfficiencyWarning: CSR matrix format is required. Converting to CSR matrix.
  warn('CSR matrix format is required. Converting to CSR matrix.',
A shapes =  (699, 177) 0
percent_rows =  1
num relin_rows =  10
max_diff =  0.0
(699, 177) (699, 1) (699, 177) (699, 1) (177, 177)
cg iter = 1
chi2 = 0.002023578495462297


A shapes =  (699, 177) 699
percent_rows =  1
num relin_rows =  699
max_diff =  0.9837454008155285
(699, 177) (699, 1) (699, 177) (699, 1) (177, 177)
cg iter = 1
chi2 = 0.0018412484139111638


A shapes =  (699, 177) 699
percent_rows =  1
num relin_rows =  699
max_diff =  0.06597303903734995
(699, 177) (699, 1) (699, 177) (699, 1) (177, 177)
cg iter = 1
chi2 = 0.0018412434776019495


A shapes =  (699, 177) 699
percent_rows =  1
num relin_rows =  699
max_diff =  0.0008307765798812108
(699, 177) (699, 1) (699, 177) (699, 1) (177, 177)
cg iter = 1
chi2 = 0.0018412431633269813


A shapes =  (699, 177) 699
percent_rows =  1
num relin_rows =  699
max_diff =  9.52189609959575e-06
(699, 177) (699, 1) (699, 177) (699, 1) (177, 177)
cg iter = 0
chi2 = 0.0018412431555085407


A shapes =  (699, 177) 699
percent_rows =  1
num relin_rows =  699
max_diff =  2.0863344036940734e-07
(699, 177) (699, 1) (699, 177) (699, 1) (177, 177)
cg iter = 0
chi2 = 0.0018412431555849618


A shapes =  (699, 177) 699
percent_rows =  1
num relin_rows =  699
max_diff =  6.5542087902825674e-09
(699, 177) (699, 1) (699, 177) (699, 1) (177, 177)
cg iter = 0
chi2 = 0.0018412431555879442


Done setting up problem
step = 59
A shapes =  (723, 180) 0
percent_rows =  0.05
num relin_rows =  10
max_diff =  0.0
(723, 180) (723, 1) (723, 180) (723, 1) (180, 180)
cg iter = 1
chi2 = 0.001881122518223702


A shapes =  (723, 180) 720
percent_rows =  0.05
num relin_rows =  36
max_diff =  0.03531537149134212
(723, 180) (723, 1) (723, 180) (723, 1) (180, 180)
cg iter = 4
chi2 = 0.0018810925224630648


A shapes =  (723, 180) 0
percent_rows =  0.05
num relin_rows =  10
max_diff =  0.01038130341352761
(723, 180) (723, 1) (723, 180) (723, 1) (180, 180)
cg iter = 4
chi2 = 0.0018810925224630648


A shapes =  (723, 180) 0
percent_rows =  0.05
num relin_rows =  10
max_diff =  0.008100990028771439
(723, 180) (723, 1) (723, 180) (723, 1) (180, 180)
cg iter = 3
chi2 = 0.0018810925224630648


A shapes =  (723, 180) 0
percent_rows =  0.05
num relin_rows =  10
max_diff =  0.0056224915925014145
(723, 180) (723, 1) (723, 180) (723, 1) (180, 180)
cg iter = 3
chi2 = 0.0018810925224630648


A shapes =  (723, 180) 0
percent_rows =  0.05
num relin_rows =  10
max_diff =  0.004405345274050716
(723, 180) (723, 1) (723, 180) (723, 1) (180, 180)
cg iter = 3
chi2 = 0.0018810925224630648


A shapes =  (723, 180) 0
percent_rows =  0.05
num relin_rows =  10
max_diff =  0.0030674805147851945
(723, 180) (723, 1) (723, 180) (723, 1) (180, 180)
cg iter = 3
chi2 = 0.0018810925224630648


step = 60
A shapes =  (750, 183) 0
percent_rows =  0.05
num relin_rows =  10
max_diff =  0.001386713647848467
(750, 183) (750, 1) (750, 183) (750, 1) (183, 183)
cg iter = 3
chi2 = 0.0019079091369753702


A shapes =  (750, 183) 747
percent_rows =  0.05
num relin_rows =  37
max_diff =  0.02905655589037881
(750, 183) (750, 1) (750, 183) (750, 1) (183, 183)
cg iter = 4
chi2 = 0.001907903814322302


A shapes =  (750, 183) 0
percent_rows =  0.05
num relin_rows =  10
max_diff =  0.009837171511070605
(750, 183) (750, 1) (750, 183) (750, 1) (183, 183)
cg iter = 4
chi2 = 0.001907903814322302


A shapes =  (750, 183) 0
percent_rows =  0.05
num relin_rows =  10
max_diff =  0.008445557317174002
(750, 183) (750, 1) (750, 183) (750, 1) (183, 183)
cg iter = 4
chi2 = 0.001907903814322302


A shapes =  (750, 183) 0
percent_rows =  0.05
num relin_rows =  10
max_diff =  0.006386806261066412
(750, 183) (750, 1) (750, 183) (750, 1) (183, 183)
cg iter = 4
chi2 = 0.001907903814322302


A shapes =  (750, 183) 0
percent_rows =  0.05
num relin_rows =  10
max_diff =  0.005375667571818829
(750, 183) (750, 1) (750, 183) (750, 1) (183, 183)
cg iter = 3
chi2 = 0.001907903814322302


A shapes =  (750, 183) 0
percent_rows =  0.05
num relin_rows =  10
max_diff =  0.004023771825350186
(750, 183) (750, 1) (750, 183) (750, 1) (183, 183)
cg iter = 3
chi2 = 0.001907903814322302


Press keyA shapes =  (2415, 1002) 750
percent_rows =  1
num relin_rows =  750
max_diff =  0.0029011812472538034
(2415, 1002) (2415, 1) (2415, 1002) (2415, 1) (1002, 1002)
cg iter = 1
chi2 = 0.0019261574554117478


A shapes =  (2415, 1002) 2415
percent_rows =  1
num relin_rows =  2415
max_diff =  1.3210206825275905
(2415, 1002) (2415, 1) (2415, 1002) (2415, 1) (1002, 1002)
cg iter = 1
chi2 = 0.0016535467185304561


A shapes =  (2415, 1002) 2415
percent_rows =  1
num relin_rows =  2415
max_diff =  0.24198390100605427
(2415, 1002) (2415, 1) (2415, 1002) (2415, 1) (1002, 1002)
cg iter = 1
chi2 = 0.0016533927273215203


A shapes =  (2415, 1002) 2415
percent_rows =  1
num relin_rows =  2415
max_diff =  0.005232925060001822
(2415, 1002) (2415, 1) (2415, 1002) (2415, 1) (1002, 1002)
cg iter = 1
chi2 = 0.0016533926026678465


A shapes =  (2415, 1002) 2415
percent_rows =  1
num relin_rows =  2415
max_diff =  6.901048917171831e-05
(2415, 1002) (2415, 1) (2415, 1002) (2415, 1) (1002, 1002)
cg iter = 1
chi2 = 0.0016533926014956034


A shapes =  (2415, 1002) 2415
percent_rows =  1
num relin_rows =  2415
max_diff =  1.1032874116523317e-06
(2415, 1002) (2415, 1) (2415, 1002) (2415, 1) (1002, 1002)
cg iter = 0
chi2 = 0.0016533926014961264


A shapes =  (2415, 1002) 2415
percent_rows =  1
num relin_rows =  2415
max_diff =  3.620531716791442e-08
(2415, 1002) (2415, 1) (2415, 1002) (2415, 1) (1002, 1002)
cg iter = 0
chi2 = 0.0016533926014961381


Done setting up problem
step = 334
A shapes =  (2421, 1005) 0
percent_rows =  0.05
num relin_rows =  10
max_diff =  0.0
(2421, 1005) (2421, 1) (2421, 1005) (2421, 1) (1005, 1005)
cg iter = 1
chi2 = 0.0016506626288168287


A shapes =  (2421, 1005) 1215
percent_rows =  0.05
num relin_rows =  60
max_diff =  0.16627687187388562
(2421, 1005) (2421, 1) (2421, 1005) (2421, 1) (1005, 1005)
cg iter = 6
chi2 = 0.001650388136603116


A shapes =  (2421, 1005) 1206
percent_rows =  0.05
num relin_rows =  60
max_diff =  0.0030406774269955417
(2421, 1005) (2421, 1) (2421, 1005) (2421, 1) (1005, 1005)
cg iter = 5
chi2 = 0.0016503885856574878


A shapes =  (2421, 1005) 0
percent_rows =  0.05
num relin_rows =  10
max_diff =  0.0011885903049181218
(2421, 1005) (2421, 1) (2421, 1005) (2421, 1) (1005, 1005)
cg iter = 4
chi2 = 0.0016503885856574878


A shapes =  (2421, 1005) 0
percent_rows =  0.05
num relin_rows =  10
max_diff =  0.0010623276984045335
(2421, 1005) (2421, 1) (2421, 1005) (2421, 1) (1005, 1005)
cg iter = 4
chi2 = 0.0016503885856574878


A shapes =  (2421, 1005) 0
percent_rows =  0.05
num relin_rows =  10
max_diff =  0.0009406108010510941
(2421, 1005) (2421, 1) (2421, 1005) (2421, 1) (1005, 1005)
cg iter = 4
chi2 = 0.0016503885856574878


A shapes =  (2421, 1005) 0
percent_rows =  0.05
num relin_rows =  10
max_diff =  0.0008680421830364257
(2421, 1005) (2421, 1) (2421, 1005) (2421, 1) (1005, 1005)
cg iter = 4
chi2 = 0.0016503885856574878


step = 335
A shapes =  (2433, 1008) 0
percent_rows =  0.05
num relin_rows =  10
max_diff =  0.000701904575693451
(2433, 1008) (2433, 1) (2433, 1008) (2433, 1) (1008, 1008)
cg iter = 4
chi2 = 0.0016511565052911433


A shapes =  (2433, 1008) 1230
percent_rows =  0.05
num relin_rows =  61
max_diff =  0.09693824674499063
(2433, 1008) (2433, 1) (2433, 1008) (2433, 1) (1008, 1008)
cg iter = 4
chi2 = 0.001651112585101423


A shapes =  (2433, 1008) 1227
percent_rows =  0.05
num relin_rows =  61
max_diff =  0.003548151926032625
(2433, 1008) (2433, 1) (2433, 1008) (2433, 1) (1008, 1008)
cg iter = 4
chi2 = 0.0016511125912543841


A shapes =  (2433, 1008) 0
percent_rows =  0.05
num relin_rows =  10
max_diff =  0.0006755443227321953
(2433, 1008) (2433, 1) (2433, 1008) (2433, 1) (1008, 1008)
cg iter = 3
chi2 = 0.0016511125912543841


A shapes =  (2433, 1008) 0
percent_rows =  0.05
num relin_rows =  10
max_diff =  0.0004863153627573402
(2433, 1008) (2433, 1) (2433, 1008) (2433, 1) (1008, 1008)
cg iter = 3
chi2 = 0.0016511125912543841


A shapes =  (2433, 1008) 0
percent_rows =  0.05
num relin_rows =  10
max_diff =  0.00040228745116830614
(2433, 1008) (2433, 1) (2433, 1008) (2433, 1) (1008, 1008)
cg iter = 3
chi2 = 0.0016511125912543841


A shapes =  (2433, 1008) 0
percent_rows =  0.05
num relin_rows =  10
max_diff =  0.0003566265274538294
(2433, 1008) (2433, 1) (2433, 1008) (2433, 1) (1008, 1008)
cg iter = 3
chi2 = 0.0016511125912543841


Press keyA shapes =  (3777, 1260) 2433
percent_rows =  1
num relin_rows =  2433
max_diff =  0.0007032173218907978
(3777, 1260) (3777, 1) (3777, 1260) (3777, 1) (1260, 1260)
cg iter = 1
chi2 = 0.001610110132230144


A shapes =  (3777, 1260) 3777
percent_rows =  1
num relin_rows =  3777
max_diff =  0.5300294516288223
(3777, 1260) (3777, 1) (3777, 1260) (3777, 1) (1260, 1260)
cg iter = 1
chi2 = 0.0016092164770637983


A shapes =  (3777, 1260) 3777
percent_rows =  1
num relin_rows =  3777
max_diff =  0.021754352655972475
(3777, 1260) (3777, 1) (3777, 1260) (3777, 1) (1260, 1260)
cg iter = 1
chi2 = 0.0016092166974194333


A shapes =  (3777, 1260) 3777
percent_rows =  1
num relin_rows =  3777
max_diff =  0.00037855886220028445
(3777, 1260) (3777, 1) (3777, 1260) (3777, 1) (1260, 1260)
cg iter = 1
chi2 = 0.0016092167002675563


A shapes =  (3777, 1260) 3777
percent_rows =  1
num relin_rows =  3777
max_diff =  4.8732206363866215e-06
(3777, 1260) (3777, 1) (3777, 1260) (3777, 1) (1260, 1260)
cg iter = 0
chi2 = 0.0016092166998701194


A shapes =  (3777, 1260) 3777
percent_rows =  1
num relin_rows =  3777
max_diff =  1.55977127963558e-07
(3777, 1260) (3777, 1) (3777, 1260) (3777, 1) (1260, 1260)
cg iter = 0
chi2 = 0.0016092166998659366


A shapes =  (3777, 1260) 3777
percent_rows =  1
num relin_rows =  3777
max_diff =  4.442645806790324e-09
(3777, 1260) (3777, 1) (3777, 1260) (3777, 1) (1260, 1260)
cg iter = 0
chi2 = 0.0016092166998661736


Done setting up problem
step = 420
A shapes =  (3807, 1263) 0
percent_rows =  0.05
num relin_rows =  10
max_diff =  0.0
(3807, 1263) (3807, 1) (3807, 1263) (3807, 1) (1263, 1263)
cg iter = 1
chi2 = 0.0016116599184227275


A shapes =  (3807, 1263) 2595
percent_rows =  0.05
num relin_rows =  129
max_diff =  0.06672978792555018
(3807, 1263) (3807, 1) (3807, 1263) (3807, 1) (1263, 1263)
cg iter = 5
chi2 = 0.001611657296871872


A shapes =  (3807, 1263) 1605
percent_rows =  0.05
num relin_rows =  80
max_diff =  0.0019286878039482761
(3807, 1263) (3807, 1) (3807, 1263) (3807, 1) (1263, 1263)
cg iter = 4
chi2 = 0.0016116573090708135


A shapes =  (3807, 1263) 0
percent_rows =  0.05
num relin_rows =  10
max_diff =  0.0008754805935144612
(3807, 1263) (3807, 1) (3807, 1263) (3807, 1) (1263, 1263)
cg iter = 4
chi2 = 0.0016116573090708135


A shapes =  (3807, 1263) 0
percent_rows =  0.05
num relin_rows =  10
max_diff =  0.0008274142450309437
(3807, 1263) (3807, 1) (3807, 1263) (3807, 1) (1263, 1263)
cg iter = 4
chi2 = 0.0016116573090708135


A shapes =  (3807, 1263) 0
percent_rows =  0.05
num relin_rows =  10
max_diff =  0.0007135251326942198
(3807, 1263) (3807, 1) (3807, 1263) (3807, 1) (1263, 1263)
cg iter = 4
chi2 = 0.0016116573090708135


A shapes =  (3807, 1263) 0
percent_rows =  0.05
num relin_rows =  10
max_diff =  0.0005212875666767182
(3807, 1263) (3807, 1) (3807, 1263) (3807, 1) (1263, 1263)
cg iter = 4
chi2 = 0.0016116573090708135


step = 421
A shapes =  (3837, 1266) 0
percent_rows =  0.05
num relin_rows =  10
max_diff =  0.00046365228040509687
(3837, 1266) (3837, 1) (3837, 1266) (3837, 1) (1266, 1266)
cg iter = 3
chi2 = 0.0016127229735832275


A shapes =  (3837, 1266) 2610
percent_rows =  0.05
num relin_rows =  130
max_diff =  0.10728604472604668
(3837, 1266) (3837, 1) (3837, 1266) (3837, 1) (1266, 1266)
cg iter = 5
chi2 = 0.0016127164502750101


A shapes =  (3837, 1266) 21
percent_rows =  0.05
num relin_rows =  10
max_diff =  0.0014126543357549284
(3837, 1266) (3837, 1) (3837, 1266) (3837, 1) (1266, 1266)
cg iter = 5
chi2 = 0.0016127164504100837


A shapes =  (3837, 1266) 0
percent_rows =  0.05
num relin_rows =  10
max_diff =  0.0012437292036779797
(3837, 1266) (3837, 1) (3837, 1266) (3837, 1) (1266, 1266)
cg iter = 5
chi2 = 0.0016127164504100837


A shapes =  (3837, 1266) 0
percent_rows =  0.05
num relin_rows =  10
max_diff =  0.0011867973744187355
(3837, 1266) (3837, 1) (3837, 1266) (3837, 1) (1266, 1266)
cg iter = 5
chi2 = 0.0016127164504100837


A shapes =  (3837, 1266) 0
percent_rows =  0.05
num relin_rows =  10
max_diff =  0.0010544977505454582
(3837, 1266) (3837, 1) (3837, 1266) (3837, 1) (1266, 1266)
cg iter = 4
chi2 = 0.0016127164504100837


A shapes =  (3837, 1266) 0
percent_rows =  0.05
num relin_rows =  10
max_diff =  0.0010099120866754697
(3837, 1266) (3837, 1) (3837, 1266) (3837, 1) (1266, 1266)
cg iter = 4
chi2 = 0.0016127164504100837


Press keyA shapes =  (8106, 2346) 3837
percent_rows =  1
num relin_rows =  3837
max_diff =  0.0010194348089055463
(8106, 2346) (8106, 1) (8106, 2346) (8106, 1) (2346, 2346)
cg iter = 1
chi2 = 0.0016957234809698704


A shapes =  (8106, 2346) 8106
percent_rows =  1
num relin_rows =  8106
max_diff =  0.5391445827673279
(8106, 2346) (8106, 1) (8106, 2346) (8106, 1) (2346, 2346)
cg iter = 1
chi2 = 0.0016921593207307193


A shapes =  (8106, 2346) 8106
percent_rows =  1
num relin_rows =  8106
max_diff =  0.03262002367965222
(8106, 2346) (8106, 1) (8106, 2346) (8106, 1) (2346, 2346)
cg iter = 1
chi2 = 0.001692157883245494


A shapes =  (8106, 2346) 8106
percent_rows =  1
num relin_rows =  8106
max_diff =  0.0008463719887873422
(8106, 2346) (8106, 1) (8106, 2346) (8106, 1) (2346, 2346)
cg iter = 1
chi2 = 0.0016921578772949172


A shapes =  (8106, 2346) 8106
percent_rows =  1
num relin_rows =  8106
max_diff =  2.40865778984925e-05
(8106, 2346) (8106, 1) (8106, 2346) (8106, 1) (2346, 2346)
cg iter = 0
chi2 = 0.0016921578774737767


A shapes =  (8106, 2346) 8106
percent_rows =  1
num relin_rows =  8106
max_diff =  7.265965578096001e-07
(8106, 2346) (8106, 1) (8106, 2346) (8106, 1) (2346, 2346)
cg iter = 0
chi2 = 0.0016921578774750008


A shapes =  (8106, 2346) 8106
percent_rows =  1
num relin_rows =  8106
max_diff =  2.0303300068968966e-08
(8106, 2346) (8106, 1) (8106, 2346) (8106, 1) (2346, 2346)
cg iter = 0
chi2 = 0.0016921578774750183


Done setting up problem
step = 782
A shapes =  (8127, 2349) 0
percent_rows =  0.05
num relin_rows =  10
max_diff =  0.0
(8127, 2349) (8127, 1) (8127, 2349) (8127, 1) (2349, 2349)
cg iter = 1
chi2 = 0.0016932088132035152


A shapes =  (8127, 2349) 624
percent_rows =  0.05
num relin_rows =  31
max_diff =  0.06281951016043091
(8127, 2349) (8127, 1) (8127, 2349) (8127, 1) (2349, 2349)
cg iter = 8
chi2 = 0.0016932051265303736


A shapes =  (8127, 2349) 21
percent_rows =  0.05
num relin_rows =  10
max_diff =  0.00939295255263839
(8127, 2349) (8127, 1) (8127, 2349) (8127, 1) (2349, 2349)
cg iter = 8
chi2 = 0.0016932051349701053


A shapes =  (8127, 2349) 0
percent_rows =  0.05
num relin_rows =  10
max_diff =  0.0069402643507332495
(8127, 2349) (8127, 1) (8127, 2349) (8127, 1) (2349, 2349)
cg iter = 8
chi2 = 0.0016932051349701053


A shapes =  (8127, 2349) 0
percent_rows =  0.05
num relin_rows =  10
max_diff =  0.0039178429044073315
(8127, 2349) (8127, 1) (8127, 2349) (8127, 1) (2349, 2349)
cg iter = 7
chi2 = 0.0016932051349701053


A shapes =  (8127, 2349) 0
percent_rows =  0.05
num relin_rows =  10
max_diff =  0.003430853939483027
(8127, 2349) (8127, 1) (8127, 2349) (8127, 1) (2349, 2349)
cg iter = 8
chi2 = 0.0016932051349701053


A shapes =  (8127, 2349) 0
percent_rows =  0.05
num relin_rows =  10
max_diff =  0.0021697234432576378
(8127, 2349) (8127, 1) (8127, 2349) (8127, 1) (2349, 2349)
cg iter = 7
chi2 = 0.0016932051349701053


step = 783
A shapes =  (8148, 2352) 0
percent_rows =  0.05
num relin_rows =  10
max_diff =  0.0013700638779640395
(8148, 2352) (8148, 1) (8148, 2352) (8148, 1) (2352, 2352)
cg iter = 7
chi2 = 0.0016946749856130237


A shapes =  (8148, 2352) 630
percent_rows =  0.05
num relin_rows =  31
max_diff =  0.09064088074848986
(8148, 2352) (8148, 1) (8148, 2352) (8148, 1) (2352, 2352)
cg iter = 9
chi2 = 0.001694673300846285


A shapes =  (8148, 2352) 15
percent_rows =  0.05
num relin_rows =  10
max_diff =  0.010718649680451275
(8148, 2352) (8148, 1) (8148, 2352) (8148, 1) (2352, 2352)
cg iter = 8
chi2 = 0.0016946733205597917


A shapes =  (8148, 2352) 0
percent_rows =  0.05
num relin_rows =  10
max_diff =  0.007921499068854088
(8148, 2352) (8148, 1) (8148, 2352) (8148, 1) (2352, 2352)
cg iter = 8
chi2 = 0.0016946733205597917


A shapes =  (8148, 2352) 0
percent_rows =  0.05
num relin_rows =  10
max_diff =  0.006264726431437348
(8148, 2352) (8148, 1) (8148, 2352) (8148, 1) (2352, 2352)
cg iter = 8
chi2 = 0.0016946733205597917


A shapes =  (8148, 2352) 0
percent_rows =  0.05
num relin_rows =  10
max_diff =  0.0035660537693864153
(8148, 2352) (8148, 1) (8148, 2352) (8148, 1) (2352, 2352)
cg iter = 8
chi2 = 0.0016946733205597917


A shapes =  (8148, 2352) 0
percent_rows =  0.05
num relin_rows =  10
max_diff =  0.0018342579926326763
(8148, 2352) (8148, 1) (8148, 2352) (8148, 1) (2352, 2352)
cg iter = 7
chi2 = 0.0016946733205597917


Press keyA shapes =  (10836, 2790) 8148
percent_rows =  1
num relin_rows =  8148
max_diff =  0.001671054641030456
(10836, 2790) (10836, 1) (10836, 2790) (10836, 1) (2790, 2790)
cg iter = 1
chi2 = 0.0017622321296607724


A shapes =  (10836, 2790) 10836
percent_rows =  1
num relin_rows =  10836
max_diff =  1.031372040329939
(10836, 2790) (10836, 1) (10836, 2790) (10836, 1) (2790, 2790)
cg iter = 1
chi2 = 0.0017186050056999848


A shapes =  (10836, 2790) 10836
percent_rows =  1
num relin_rows =  10836
max_diff =  0.20581736364546654
(10836, 2790) (10836, 1) (10836, 2790) (10836, 1) (2790, 2790)
cg iter = 1
chi2 = 0.0017185693809355703


A shapes =  (10836, 2790) 10836
percent_rows =  1
num relin_rows =  10836
max_diff =  0.004869288193344647
(10836, 2790) (10836, 1) (10836, 2790) (10836, 1) (2790, 2790)
cg iter = 1
chi2 = 0.0017185692373108924


A shapes =  (10836, 2790) 10836
percent_rows =  1
num relin_rows =  10836
max_diff =  6.644976362157884e-05
(10836, 2790) (10836, 1) (10836, 2790) (10836, 1) (2790, 2790)
cg iter = 1
chi2 = 0.0017185692359464983


A shapes =  (10836, 2790) 10836
percent_rows =  1
num relin_rows =  10836
max_diff =  1.2860598500811365e-06
(10836, 2790) (10836, 1) (10836, 2790) (10836, 1) (2790, 2790)
cg iter = 0
chi2 = 0.0017185692359935445


A shapes =  (10836, 2790) 10836
percent_rows =  1
num relin_rows =  10836
max_diff =  3.05800229583042e-08
(10836, 2790) (10836, 1) (10836, 2790) (10836, 1) (2790, 2790)
cg iter = 0
chi2 = 0.0017185692359943019


Done setting up problem
step = 930
A shapes =  (10848, 2793) 0
percent_rows =  0.05
num relin_rows =  10
max_diff =  0.0
(10848, 2793) (10848, 1) (10848, 2793) (10848, 1) (2793, 2793)
cg iter = 1
chi2 = 0.001718069402024035


A shapes =  (10848, 2793) 3495
percent_rows =  0.05
num relin_rows =  174
max_diff =  0.08901968054375664
(10848, 2793) (10848, 1) (10848, 2793) (10848, 1) (2793, 2793)
cg iter = 3
chi2 = 0.001718047326840165


A shapes =  (10848, 2793) 3483
percent_rows =  0.05
num relin_rows =  174
max_diff =  0.006702188309370971
(10848, 2793) (10848, 1) (10848, 2793) (10848, 1) (2793, 2793)
cg iter = 2
chi2 = 0.0017180472921108734


A shapes =  (10848, 2793) 0
percent_rows =  0.05
num relin_rows =  10
max_diff =  1.3410246608492465e-05
(10848, 2793) (10848, 1) (10848, 2793) (10848, 1) (2793, 2793)
cg iter = 2
chi2 = 0.0017180472921108734


A shapes =  (10848, 2793) 0
percent_rows =  0.05
num relin_rows =  10
max_diff =  1.0616894898191759e-05
(10848, 2793) (10848, 1) (10848, 2793) (10848, 1) (2793, 2793)
cg iter = 2
chi2 = 0.0017180472921108734


A shapes =  (10848, 2793) 0
percent_rows =  0.05
num relin_rows =  10
max_diff =  9.3336497143659e-06
(10848, 2793) (10848, 1) (10848, 2793) (10848, 1) (2793, 2793)
cg iter = 2
chi2 = 0.0017180472921108734


A shapes =  (10848, 2793) 0
percent_rows =  0.05
num relin_rows =  10
max_diff =  8.425231219818738e-06
(10848, 2793) (10848, 1) (10848, 2793) (10848, 1) (2793, 2793)
cg iter = 2
chi2 = 0.0017180472921108734


step = 931
A shapes =  (10854, 2796) 0
percent_rows =  0.05
num relin_rows =  10
max_diff =  7.656716963594379e-06
(10854, 2796) (10854, 1) (10854, 2796) (10854, 1) (2796, 2796)
cg iter = 1
chi2 = 0.0017175276127099042


A shapes =  (10854, 2796) 3501
percent_rows =  0.05
num relin_rows =  175
max_diff =  0.035181160920808856
(10854, 2796) (10854, 1) (10854, 2796) (10854, 1) (2796, 2796)
cg iter = 1
chi2 = 0.0017175276496582377


A shapes =  (10854, 2796) 0
percent_rows =  0.05
num relin_rows =  10
max_diff =  1.6452431098722825e-06
(10854, 2796) (10854, 1) (10854, 2796) (10854, 1) (2796, 2796)
cg iter = 1
chi2 = 0.0017175276496582377


A shapes =  (10854, 2796) 0
percent_rows =  0.05
num relin_rows =  10
max_diff =  1.4262688098187065e-06
(10854, 2796) (10854, 1) (10854, 2796) (10854, 1) (2796, 2796)
cg iter = 1
chi2 = 0.0017175276496582377


A shapes =  (10854, 2796) 0
percent_rows =  0.05
num relin_rows =  10
max_diff =  1.26563621534459e-06
(10854, 2796) (10854, 1) (10854, 2796) (10854, 1) (2796, 2796)
cg iter = 1
chi2 = 0.0017175276496582377


A shapes =  (10854, 2796) 0
percent_rows =  0.05
num relin_rows =  10
max_diff =  1.0574021273700857e-06
(10854, 2796) (10854, 1) (10854, 2796) (10854, 1) (2796, 2796)
cg iter = 1
chi2 = 0.0017175276496582377


A shapes =  (10854, 2796) 0
percent_rows =  0.05
num relin_rows =  10
max_diff =  8.189790512763348e-07
(10854, 2796) (10854, 1) (10854, 2796) (10854, 1) (2796, 2796)
cg iter = 1
chi2 = 0.0017175276496582377


Press keyA shapes =  (13515, 3507) 10854
percent_rows =  1
num relin_rows =  10854
max_diff =  0.0002229219123709436
(13515, 3507) (13515, 1) (13515, 3507) (13515, 1) (3507, 3507)
cg iter = 1
chi2 = 0.0017673015524640695


A shapes =  (13515, 3507) 13515
percent_rows =  1
num relin_rows =  13515
max_diff =  2.0085425463330435
(13515, 3507) (13515, 1) (13515, 3507) (13515, 1) (3507, 3507)
cg iter = 1
chi2 = 0.00173418413057634


A shapes =  (13515, 3507) 13515
percent_rows =  1
num relin_rows =  13515
max_diff =  0.3854588496463944
(13515, 3507) (13515, 1) (13515, 3507) (13515, 1) (3507, 3507)
cg iter = 1
chi2 = 0.0017341785876048186


A shapes =  (13515, 3507) 13515
percent_rows =  1
num relin_rows =  13515
max_diff =  0.003407949438236302
(13515, 3507) (13515, 1) (13515, 3507) (13515, 1) (3507, 3507)
cg iter = 1
chi2 = 0.0017341785182579967


A shapes =  (13515, 3507) 13515
percent_rows =  1
num relin_rows =  13515
max_diff =  2.7301786671429795e-05
(13515, 3507) (13515, 1) (13515, 3507) (13515, 1) (3507, 3507)
cg iter = 0
chi2 = 0.0017341785181855794


A shapes =  (13515, 3507) 13515
percent_rows =  1
num relin_rows =  13515
max_diff =  6.677665088162567e-07
(13515, 3507) (13515, 1) (13515, 3507) (13515, 1) (3507, 3507)
cg iter = 0
chi2 = 0.0017341785182124403


A shapes =  (13515, 3507) 13515
percent_rows =  1
num relin_rows =  13515
max_diff =  2.2080915540456658e-08
(13515, 3507) (13515, 1) (13515, 3507) (13515, 1) (3507, 3507)
cg iter = 0
chi2 = 0.0017341785182116833


Done setting up problem
step = 1169
A shapes =  (13527, 3510) 0
percent_rows =  0.05
num relin_rows =  10
max_diff =  0.0
(13527, 3510) (13527, 1) (13527, 3510) (13527, 1) (3510, 3510)
cg iter = 1
chi2 = 0.0017351912743257532


A shapes =  (13527, 3510) 6147
percent_rows =  0.05
num relin_rows =  307
max_diff =  0.3272520250399529
(13527, 3510) (13527, 1) (13527, 3510) (13527, 1) (3510, 3510)
cg iter = 7
chi2 = 0.0017351899360051617


A shapes =  (13527, 3510) 5928
percent_rows =  0.05
num relin_rows =  296
max_diff =  0.0016484476896883038
(13527, 3510) (13527, 1) (13527, 3510) (13527, 1) (3510, 3510)
cg iter = 6
chi2 = 0.0017351899289979236


A shapes =  (13527, 3510) 0
percent_rows =  0.05
num relin_rows =  10
max_diff =  0.00021904810004825452
(13527, 3510) (13527, 1) (13527, 3510) (13527, 1) (3510, 3510)
cg iter = 6
chi2 = 0.0017351899289979236


A shapes =  (13527, 3510) 0
percent_rows =  0.05
num relin_rows =  10
max_diff =  0.00021634375718937449
(13527, 3510) (13527, 1) (13527, 3510) (13527, 1) (3510, 3510)
cg iter = 6
chi2 = 0.0017351899289979236


A shapes =  (13527, 3510) 0
percent_rows =  0.05
num relin_rows =  10
max_diff =  0.00021311357569175904
(13527, 3510) (13527, 1) (13527, 3510) (13527, 1) (3510, 3510)
cg iter = 6
chi2 = 0.0017351899289979236


A shapes =  (13527, 3510) 0
percent_rows =  0.05
num relin_rows =  10
max_diff =  0.00020706971939935676
(13527, 3510) (13527, 1) (13527, 3510) (13527, 1) (3510, 3510)
cg iter = 6
chi2 = 0.0017351899289979236


step = 1170
A shapes =  (13557, 3513) 0
percent_rows =  0.05
num relin_rows =  10
max_diff =  0.0002038315909321034
(13557, 3513) (13557, 1) (13557, 3513) (13557, 1) (3513, 3513)
cg iter = 6
chi2 = 0.0017357689514426423


A shapes =  (13557, 3513) 6093
percent_rows =  0.05
num relin_rows =  304
max_diff =  0.03830302490929506
(13557, 3513) (13557, 1) (13557, 3513) (13557, 1) (3513, 3513)
cg iter = 7
chi2 = 0.0017357686036260265


A shapes =  (13557, 3513) 0
percent_rows =  0.05
num relin_rows =  10
max_diff =  0.00048552071915642075
(13557, 3513) (13557, 1) (13557, 3513) (13557, 1) (3513, 3513)
cg iter = 7
chi2 = 0.0017357686036260265


A shapes =  (13557, 3513) 0
percent_rows =  0.05
num relin_rows =  10
max_diff =  0.00046462724623630436
(13557, 3513) (13557, 1) (13557, 3513) (13557, 1) (3513, 3513)
cg iter = 7
chi2 = 0.0017357686036260265


A shapes =  (13557, 3513) 0
percent_rows =  0.05
num relin_rows =  10
max_diff =  0.00043769541423815256
(13557, 3513) (13557, 1) (13557, 3513) (13557, 1) (3513, 3513)
cg iter = 6
chi2 = 0.0017357686036260265


A shapes =  (13557, 3513) 0
percent_rows =  0.05
num relin_rows =  10
max_diff =  0.0004103882434256035
(13557, 3513) (13557, 1) (13557, 3513) (13557, 1) (3513, 3513)
cg iter = 6
chi2 = 0.0017357686036260265


A shapes =  (13557, 3513) 0
percent_rows =  0.05
num relin_rows =  10
max_diff =  0.0003892788251675938
(13557, 3513) (13557, 1) (13557, 3513) (13557, 1) (3513, 3513)
cg iter = 6
chi2 = 0.0017357686036260265


Press keyA shapes =  (14640, 3732) 13557
percent_rows =  1
num relin_rows =  13557
max_diff =  0.001548043670367337
(14640, 3732) (14640, 1) (14640, 3732) (14640, 1) (3732, 3732)
cg iter = 1
chi2 = 0.0017304571832130024


A shapes =  (14640, 3732) 14640
percent_rows =  1
num relin_rows =  14640
max_diff =  0.3979027273063114
(14640, 3732) (14640, 1) (14640, 3732) (14640, 1) (3732, 3732)
cg iter = 1
chi2 = 0.001730253478019643


A shapes =  (14640, 3732) 14640
percent_rows =  1
num relin_rows =  14640
max_diff =  0.006748244234132894
(14640, 3732) (14640, 1) (14640, 3732) (14640, 1) (3732, 3732)
cg iter = 1
chi2 = 0.0017302535076797662


A shapes =  (14640, 3732) 14640
percent_rows =  1
num relin_rows =  14640
max_diff =  0.0001827170465708329
(14640, 3732) (14640, 1) (14640, 3732) (14640, 1) (3732, 3732)
cg iter = 1
chi2 = 0.0017302535117219324


A shapes =  (14640, 3732) 14640
percent_rows =  1
num relin_rows =  14640
max_diff =  3.99212023338702e-06
(14640, 3732) (14640, 1) (14640, 3732) (14640, 1) (3732, 3732)
cg iter = 0
chi2 = 0.0017302535116210005


A shapes =  (14640, 3732) 14640
percent_rows =  1
num relin_rows =  14640
max_diff =  1.504888653691694e-07
(14640, 3732) (14640, 1) (14640, 3732) (14640, 1) (3732, 3732)
cg iter = 0
chi2 = 0.0017302535116142455


A shapes =  (14640, 3732) 14640
percent_rows =  1
num relin_rows =  14640
max_diff =  5.9670832164293586e-09
(14640, 3732) (14640, 1) (14640, 3732) (14640, 1) (3732, 3732)
cg iter = 0
chi2 = 0.0017302535116142945


Done setting up problem
step = 1244
A shapes =  (14655, 3735) 0
percent_rows =  0.05
num relin_rows =  10
max_diff =  0.0
(14655, 3735) (14655, 1) (14655, 3735) (14655, 1) (3735, 3735)
cg iter = 1
chi2 = 0.0017302778638449037


A shapes =  (14655, 3735) 2295
percent_rows =  0.05
num relin_rows =  114
max_diff =  0.8503993709803803
(14655, 3735) (14655, 1) (14655, 3735) (14655, 1) (3735, 3735)
cg iter = 9
chi2 = 0.0017302629124311914


A shapes =  (14655, 3735) 192
percent_rows =  0.05
num relin_rows =  10
max_diff =  0.003177809836567097
(14655, 3735) (14655, 1) (14655, 3735) (14655, 1) (3735, 3735)
cg iter = 9
chi2 = 0.0017302629375279203


A shapes =  (14655, 3735) 0
percent_rows =  0.05
num relin_rows =  10
max_diff =  0.00230387621964101
(14655, 3735) (14655, 1) (14655, 3735) (14655, 1) (3735, 3735)
cg iter = 9
chi2 = 0.0017302629375279203


A shapes =  (14655, 3735) 0
percent_rows =  0.05
num relin_rows =  10
max_diff =  0.0022966872658369657
(14655, 3735) (14655, 1) (14655, 3735) (14655, 1) (3735, 3735)
cg iter = 9
chi2 = 0.0017302629375279203


A shapes =  (14655, 3735) 0
percent_rows =  0.05
num relin_rows =  10
max_diff =  0.002137605913639401
(14655, 3735) (14655, 1) (14655, 3735) (14655, 1) (3735, 3735)
cg iter = 8
chi2 = 0.0017302629375279203


A shapes =  (14655, 3735) 0
percent_rows =  0.05
num relin_rows =  10
max_diff =  0.0020093009174098064
(14655, 3735) (14655, 1) (14655, 3735) (14655, 1) (3735, 3735)
cg iter = 8
chi2 = 0.0017302629375279203


step = 1245
A shapes =  (14694, 3738) 0
percent_rows =  0.05
num relin_rows =  10
max_diff =  0.001912749571105099
(14694, 3738) (14694, 1) (14694, 3738) (14694, 1) (3738, 3738)
cg iter = 8
chi2 = 0.0017325688057610888


A shapes =  (14694, 3738) 1053
percent_rows =  0.05
num relin_rows =  52
max_diff =  0.13592818370328474
(14694, 3738) (14694, 1) (14694, 3738) (14694, 1) (3738, 3738)
cg iter = 9
chi2 = 0.0017325658908846527


A shapes =  (14694, 3738) 96
percent_rows =  0.05
num relin_rows =  10
max_diff =  0.009631851877706765
(14694, 3738) (14694, 1) (14694, 3738) (14694, 1) (3738, 3738)
cg iter = 9
chi2 = 0.0017325658618496903


A shapes =  (14694, 3738) 0
percent_rows =  0.05
num relin_rows =  10
max_diff =  0.007945944213070103
(14694, 3738) (14694, 1) (14694, 3738) (14694, 1) (3738, 3738)
cg iter = 9
chi2 = 0.0017325658618496903


A shapes =  (14694, 3738) 0
percent_rows =  0.05
num relin_rows =  10
max_diff =  0.007123104378304657
(14694, 3738) (14694, 1) (14694, 3738) (14694, 1) (3738, 3738)
cg iter = 9
chi2 = 0.0017325658618496903


A shapes =  (14694, 3738) 0
percent_rows =  0.05
num relin_rows =  10
max_diff =  0.006899990222092513
(14694, 3738) (14694, 1) (14694, 3738) (14694, 1) (3738, 3738)
cg iter = 9
chi2 = 0.0017325658618496903


A shapes =  (14694, 3738) 0
percent_rows =  0.05
num relin_rows =  10
max_diff =  0.0058285592917145124
(14694, 3738) (14694, 1) (14694, 3738) (14694, 1) (3738, 3738)
cg iter = 8
chi2 = 0.0017325658618496903


Press keyA shapes =  (17949, 4695) 14694
percent_rows =  1
num relin_rows =  14694
max_diff =  0.00534138544351152
(17949, 4695) (17949, 1) (17949, 4695) (17949, 1) (4695, 4695)
cg iter = 1
chi2 = 0.0018945255296861562


A shapes =  (17949, 4695) 17949
percent_rows =  1
num relin_rows =  17949
max_diff =  2.559771056630186
(17949, 4695) (17949, 1) (17949, 4695) (17949, 1) (4695, 4695)
cg iter = 1
chi2 = 0.0017552586441613098


A shapes =  (17949, 4695) 17949
percent_rows =  1
num relin_rows =  17949
max_diff =  0.3303573039556329
(17949, 4695) (17949, 1) (17949, 4695) (17949, 1) (4695, 4695)
cg iter = 1
chi2 = 0.0017552039398618462


A shapes =  (17949, 4695) 17949
percent_rows =  1
num relin_rows =  17949
max_diff =  0.009296492122142362
(17949, 4695) (17949, 1) (17949, 4695) (17949, 1) (4695, 4695)
cg iter = 1
chi2 = 0.0017552040564916447


A shapes =  (17949, 4695) 17949
percent_rows =  1
num relin_rows =  17949
max_diff =  0.0001726721476695038
(17949, 4695) (17949, 1) (17949, 4695) (17949, 1) (4695, 4695)
cg iter = 1
chi2 = 0.001755204050824632


A shapes =  (17949, 4695) 17949
percent_rows =  1
num relin_rows =  17949
max_diff =  3.4017961910159933e-06
(17949, 4695) (17949, 1) (17949, 4695) (17949, 1) (4695, 4695)
cg iter = 0
chi2 = 0.0017552040508115813


A shapes =  (17949, 4695) 17949
percent_rows =  1
num relin_rows =  17949
max_diff =  1.0219259389751545e-07
(17949, 4695) (17949, 1) (17949, 4695) (17949, 1) (4695, 4695)
cg iter = 0
chi2 = 0.0017552040508147574


Done setting up problem
step = 1565
A shapes =  (17970, 4698) 0
percent_rows =  0.05
num relin_rows =  10
max_diff =  0.0
(17970, 4698) (17970, 1) (17970, 4698) (17970, 1) (4698, 4698)
cg iter = 1
chi2 = 0.0017557923287356701


A shapes =  (17970, 4698) 3147
percent_rows =  0.05
num relin_rows =  157
max_diff =  0.13595494850998824
(17970, 4698) (17970, 1) (17970, 4698) (17970, 1) (4698, 4698)
cg iter = 7
chi2 = 0.001755791994085377


A shapes =  (17970, 4698) 3084
percent_rows =  0.05
num relin_rows =  154
max_diff =  0.0011504213537119473
(17970, 4698) (17970, 1) (17970, 4698) (17970, 1) (4698, 4698)
cg iter = 5
chi2 = 0.0017557920087796493


A shapes =  (17970, 4698) 0
percent_rows =  0.05
num relin_rows =  10
max_diff =  0.00016253683183520273
(17970, 4698) (17970, 1) (17970, 4698) (17970, 1) (4698, 4698)
cg iter = 5
chi2 = 0.0017557920087796493


A shapes =  (17970, 4698) 0
percent_rows =  0.05
num relin_rows =  10
max_diff =  0.000155722411524728
(17970, 4698) (17970, 1) (17970, 4698) (17970, 1) (4698, 4698)
cg iter = 5
chi2 = 0.0017557920087796493


A shapes =  (17970, 4698) 0
percent_rows =  0.05
num relin_rows =  10
max_diff =  0.00014698168943239054
(17970, 4698) (17970, 1) (17970, 4698) (17970, 1) (4698, 4698)
cg iter = 5
chi2 = 0.0017557920087796493


A shapes =  (17970, 4698) 0
percent_rows =  0.05
num relin_rows =  10
max_diff =  0.00013998415104334722
(17970, 4698) (17970, 1) (17970, 4698) (17970, 1) (4698, 4698)
cg iter = 4
chi2 = 0.0017557920087796493


step = 1566
A shapes =  (17985, 4701) 0
percent_rows =  0.05
num relin_rows =  10
max_diff =  0.00013545676516597556
(17985, 4701) (17985, 1) (17985, 4701) (17985, 1) (4701, 4701)
cg iter = 4
chi2 = 0.001755885203135145


A shapes =  (17985, 4701) 3159
percent_rows =  0.05
num relin_rows =  157
max_diff =  0.17621524236450548
(17985, 4701) (17985, 1) (17985, 4701) (17985, 1) (4701, 4701)
cg iter = 6
chi2 = 0.0017558842047497585


A shapes =  (17985, 4701) 2784
percent_rows =  0.05
num relin_rows =  139
max_diff =  0.001450635619685392
(17985, 4701) (17985, 1) (17985, 4701) (17985, 1) (4701, 4701)
cg iter = 5
chi2 = 0.0017558842068813524


A shapes =  (17985, 4701) 0
percent_rows =  0.05
num relin_rows =  10
max_diff =  0.0001480911889899239
(17985, 4701) (17985, 1) (17985, 4701) (17985, 1) (4701, 4701)
cg iter = 5
chi2 = 0.0017558842068813524


A shapes =  (17985, 4701) 0
percent_rows =  0.05
num relin_rows =  10
max_diff =  0.0001307463358939491
(17985, 4701) (17985, 1) (17985, 4701) (17985, 1) (4701, 4701)
cg iter = 5
chi2 = 0.0017558842068813524


A shapes =  (17985, 4701) 0
percent_rows =  0.05
num relin_rows =  10
max_diff =  0.0001239346062205226
(17985, 4701) (17985, 1) (17985, 4701) (17985, 1) (4701, 4701)
cg iter = 5
chi2 = 0.0017558842068813524


A shapes =  (17985, 4701) 0
percent_rows =  0.05
num relin_rows =  10
max_diff =  0.00011927519344268056
(17985, 4701) (17985, 1) (17985, 4701) (17985, 1) (4701, 4701)
cg iter = 5
chi2 = 0.0017558842068813524


Press key